{"/home/uhlryk/Projects/check-complex-types/init.mocha.js":{"path":"/home/uhlryk/Projects/check-complex-types/init.mocha.js","statementMap":{"0":{"start":{"line":3,"column":12},"end":{"line":3,"column":27}},"1":{"start":{"line":5,"column":13},"end":{"line":5,"column":42}},"2":{"start":{"line":7,"column":17},"end":{"line":7,"column":38}},"3":{"start":{"line":9,"column":18},"end":{"line":9,"column":52}},"4":{"start":{"line":11,"column":17},"end":{"line":11,"column":37}},"5":{"start":{"line":13,"column":18},"end":{"line":13,"column":52}},"6":{"start":{"line":15,"column":13},"end":{"line":15,"column":29}},"7":{"start":{"line":17,"column":14},"end":{"line":17,"column":44}},"8":{"start":{"line":19,"column":39},"end":{"line":19,"column":93}},"9":{"start":{"line":21,"column":13},"end":{"line":21,"column":34}},"10":{"start":{"line":22,"column":0},"end":{"line":22,"column":23}},"11":{"start":{"line":24,"column":0},"end":{"line":24,"column":40}},"12":{"start":{"line":26,"column":0},"end":{"line":26,"column":37}},"13":{"start":{"line":28,"column":0},"end":{"line":28,"column":31}}},"fnMap":{"0":{"name":"_interopRequireDefault","decl":{"start":{"line":19,"column":9},"end":{"line":19,"column":31}},"loc":{"start":{"line":19,"column":37},"end":{"line":19,"column":95}},"line":19}},"branchMap":{"0":{"loc":{"start":{"line":19,"column":46},"end":{"line":19,"column":92}},"type":"cond-expr","locations":[{"start":{"line":19,"column":70},"end":{"line":19,"column":73}},{"start":{"line":19,"column":76},"end":{"line":19,"column":92}}],"line":19},"1":{"loc":{"start":{"line":19,"column":46},"end":{"line":19,"column":67}},"type":"binary-expr","locations":[{"start":{"line":19,"column":46},"end":{"line":19,"column":49}},{"start":{"line":19,"column":53},"end":{"line":19,"column":67}}],"line":19}},"s":{"0":1,"1":1,"2":1,"3":1,"4":1,"5":1,"6":1,"7":1,"8":4,"9":1,"10":1,"11":1,"12":1,"13":1},"f":{"0":4},"b":{"0":[0,4],"1":[4,4]},"_coverageSchema":"d34fc3e6b8297bcde183f5492bcb8fcb36775295","hash":"a3392ab4dcf4bb3f4f4e798f8318e0f9a6c759a6","contentHash":"34060d4c10dfe3a64eb579b24c1e1c7e_12.0.2"},"/home/uhlryk/Projects/check-complex-types/src/createTypeFactory.spec.js":{"path":"/home/uhlryk/Projects/check-complex-types/src/createTypeFactory.spec.js","statementMap":{"0":{"start":{"line":3,"column":14},"end":{"line":3,"column":268}},"1":{"start":{"line":3,"column":101},"end":{"line":3,"column":119}},"2":{"start":{"line":3,"column":141},"end":{"line":3,"column":266}},"3":{"start":{"line":5,"column":25},"end":{"line":5,"column":55}},"4":{"start":{"line":7,"column":26},"end":{"line":7,"column":68}},"5":{"start":{"line":9,"column":39},"end":{"line":9,"column":93}},"6":{"start":{"line":11,"column":33},"end":{"line":11,"column":456}},"7":{"start":{"line":11,"column":64},"end":{"line":11,"column":89}},"8":{"start":{"line":11,"column":91},"end":{"line":11,"column":453}},"9":{"start":{"line":11,"column":165},"end":{"line":11,"column":263}},"10":{"start":{"line":11,"column":182},"end":{"line":11,"column":195}},"11":{"start":{"line":11,"column":209},"end":{"line":11,"column":219}},"12":{"start":{"line":11,"column":239},"end":{"line":11,"column":253}},"13":{"start":{"line":11,"column":254},"end":{"line":11,"column":261}},"14":{"start":{"line":11,"column":264},"end":{"line":11,"column":426}},"15":{"start":{"line":11,"column":281},"end":{"line":11,"column":296}},"16":{"start":{"line":11,"column":306},"end":{"line":11,"column":424}},"17":{"start":{"line":11,"column":360},"end":{"line":11,"column":380}},"18":{"start":{"line":11,"column":401},"end":{"line":11,"column":420}},"19":{"start":{"line":11,"column":429},"end":{"line":11,"column":449}},"20":{"start":{"line":13,"column":0},"end":{"line":48,"column":3}},"21":{"start":{"line":14,"column":18},"end":{"line":14,"column":24}},"22":{"start":{"line":15,"column":28},"end":{"line":15,"column":34}},"23":{"start":{"line":16,"column":20},"end":{"line":16,"column":26}},"24":{"start":{"line":17,"column":29},"end":{"line":17,"column":35}},"25":{"start":{"line":18,"column":4},"end":{"line":23,"column":7}},"26":{"start":{"line":19,"column":8},"end":{"line":19,"column":41}},"27":{"start":{"line":20,"column":8},"end":{"line":20,"column":57}},"28":{"start":{"line":21,"column":8},"end":{"line":21,"column":35}},"29":{"start":{"line":22,"column":8},"end":{"line":22,"column":44}},"30":{"start":{"line":25,"column":4},"end":{"line":38,"column":9}},"31":{"start":{"line":26,"column":8},"end":{"line":37,"column":31}},"32":{"start":{"line":27,"column":12},"end":{"line":36,"column":13}},"33":{"start":{"line":28,"column":16},"end":{"line":35,"column":17}},"34":{"start":{"line":30,"column":24},"end":{"line":30,"column":42}},"35":{"start":{"line":34,"column":24},"end":{"line":34,"column":47}},"36":{"start":{"line":40,"column":4},"end":{"line":47,"column":7}},"37":{"start":{"line":41,"column":25},"end":{"line":41,"column":76}},"38":{"start":{"line":42,"column":8},"end":{"line":42,"column":110}},"39":{"start":{"line":43,"column":34},"end":{"line":43,"column":55}},"40":{"start":{"line":44,"column":8},"end":{"line":44,"column":61}},"41":{"start":{"line":45,"column":8},"end":{"line":45,"column":79}},"42":{"start":{"line":46,"column":8},"end":{"line":46,"column":98}}},"fnMap":{"0":{"name":"(anonymous_0)","decl":{"start":{"line":3,"column":84},"end":{"line":3,"column":85}},"loc":{"start":{"line":3,"column":99},"end":{"line":3,"column":121}},"line":3},"1":{"name":"(anonymous_1)","decl":{"start":{"line":3,"column":124},"end":{"line":3,"column":125}},"loc":{"start":{"line":3,"column":139},"end":{"line":3,"column":268}},"line":3},"2":{"name":"_interopRequireDefault","decl":{"start":{"line":9,"column":9},"end":{"line":9,"column":31}},"loc":{"start":{"line":9,"column":37},"end":{"line":9,"column":95}},"line":9},"3":{"name":"_asyncToGenerator","decl":{"start":{"line":11,"column":9},"end":{"line":11,"column":26}},"loc":{"start":{"line":11,"column":31},"end":{"line":11,"column":458}},"line":11},"4":{"name":"(anonymous_4)","decl":{"start":{"line":11,"column":40},"end":{"line":11,"column":41}},"loc":{"start":{"line":11,"column":52},"end":{"line":11,"column":455}},"line":11},"5":{"name":"(anonymous_5)","decl":{"start":{"line":11,"column":110},"end":{"line":11,"column":111}},"loc":{"start":{"line":11,"column":137},"end":{"line":11,"column":451}},"line":11},"6":{"name":"step","decl":{"start":{"line":11,"column":148},"end":{"line":11,"column":152}},"loc":{"start":{"line":11,"column":163},"end":{"line":11,"column":428}},"line":11},"7":{"name":"(anonymous_7)","decl":{"start":{"line":11,"column":341},"end":{"line":11,"column":342}},"loc":{"start":{"line":11,"column":358},"end":{"line":11,"column":382}},"line":11},"8":{"name":"(anonymous_8)","decl":{"start":{"line":11,"column":384},"end":{"line":11,"column":385}},"loc":{"start":{"line":11,"column":399},"end":{"line":11,"column":422}},"line":11},"9":{"name":"(anonymous_9)","decl":{"start":{"line":13,"column":30},"end":{"line":13,"column":31}},"loc":{"start":{"line":13,"column":42},"end":{"line":48,"column":1}},"line":13},"10":{"name":"(anonymous_10)","decl":{"start":{"line":18,"column":15},"end":{"line":18,"column":16}},"loc":{"start":{"line":18,"column":27},"end":{"line":23,"column":5}},"line":18},"11":{"name":"_callee","decl":{"start":{"line":25,"column":79},"end":{"line":25,"column":86}},"loc":{"start":{"line":25,"column":89},"end":{"line":38,"column":5}},"line":25},"12":{"name":"_callee$","decl":{"start":{"line":26,"column":48},"end":{"line":26,"column":56}},"loc":{"start":{"line":26,"column":67},"end":{"line":37,"column":9}},"line":26},"13":{"name":"(anonymous_13)","decl":{"start":{"line":40,"column":46},"end":{"line":40,"column":47}},"loc":{"start":{"line":40,"column":58},"end":{"line":47,"column":5}},"line":40}},"branchMap":{"0":{"loc":{"start":{"line":3,"column":14},"end":{"line":3,"column":268}},"type":"cond-expr","locations":[{"start":{"line":3,"column":84},"end":{"line":3,"column":121}},{"start":{"line":3,"column":124},"end":{"line":3,"column":268}}],"line":3},"1":{"loc":{"start":{"line":3,"column":14},"end":{"line":3,"column":81}},"type":"binary-expr","locations":[{"start":{"line":3,"column":14},"end":{"line":3,"column":42}},{"start":{"line":3,"column":46},"end":{"line":3,"column":81}}],"line":3},"2":{"loc":{"start":{"line":3,"column":148},"end":{"line":3,"column":265}},"type":"cond-expr","locations":[{"start":{"line":3,"column":244},"end":{"line":3,"column":252}},{"start":{"line":3,"column":255},"end":{"line":3,"column":265}}],"line":3},"3":{"loc":{"start":{"line":3,"column":148},"end":{"line":3,"column":241}},"type":"binary-expr","locations":[{"start":{"line":3,"column":148},"end":{"line":3,"column":151}},{"start":{"line":3,"column":155},"end":{"line":3,"column":183}},{"start":{"line":3,"column":187},"end":{"line":3,"column":213}},{"start":{"line":3,"column":217},"end":{"line":3,"column":241}}],"line":3},"4":{"loc":{"start":{"line":9,"column":46},"end":{"line":9,"column":92}},"type":"cond-expr","locations":[{"start":{"line":9,"column":70},"end":{"line":9,"column":73}},{"start":{"line":9,"column":76},"end":{"line":9,"column":92}}],"line":9},"5":{"loc":{"start":{"line":9,"column":46},"end":{"line":9,"column":67}},"type":"binary-expr","locations":[{"start":{"line":9,"column":46},"end":{"line":9,"column":49}},{"start":{"line":9,"column":53},"end":{"line":9,"column":67}}],"line":9},"6":{"loc":{"start":{"line":11,"column":264},"end":{"line":11,"column":426}},"type":"if","locations":[{"start":{"line":11,"column":264},"end":{"line":11,"column":426}},{"start":{"line":11,"column":264},"end":{"line":11,"column":426}}],"line":11},"7":{"loc":{"start":{"line":28,"column":16},"end":{"line":35,"column":17}},"type":"switch","locations":[{"start":{"line":29,"column":20},"end":{"line":30,"column":42}},{"start":{"line":32,"column":20},"end":{"line":32,"column":27}},{"start":{"line":33,"column":20},"end":{"line":34,"column":47}}],"line":28},"8":{"loc":{"start":{"line":42,"column":15},"end":{"line":42,"column":84}},"type":"cond-expr","locations":[{"start":{"line":42,"column":51},"end":{"line":42,"column":62}},{"start":{"line":42,"column":65},"end":{"line":42,"column":84}}],"line":42}},"s":{"0":1,"1":1,"2":0,"3":1,"4":1,"5":1,"6":1,"7":1,"8":1,"9":1,"10":1,"11":1,"12":0,"13":0,"14":1,"15":1,"16":0,"17":0,"18":0,"19":1,"20":1,"21":1,"22":1,"23":1,"24":1,"25":1,"26":1,"27":1,"28":1,"29":1,"30":1,"31":1,"32":1,"33":1,"34":1,"35":1,"36":1,"37":1,"38":1,"39":1,"40":1,"41":1,"42":1},"f":{"0":1,"1":0,"2":1,"3":1,"4":1,"5":1,"6":1,"7":0,"8":0,"9":1,"10":1,"11":1,"12":1,"13":1},"b":{"0":[1,0],"1":[1,1],"2":[0,0],"3":[0,0,0,0],"4":[1,0],"5":[1,1],"6":[1,0],"7":[1,1,1],"8":[0,1]},"_coverageSchema":"d34fc3e6b8297bcde183f5492bcb8fcb36775295","hash":"fac3668863db07190a11146d3772700f6eb033b0","contentHash":"821c52e6c79823fb3232b94a4173b689_12.0.2"},"/home/uhlryk/Projects/check-complex-types/src/createTypeFactory.js":{"path":"/home/uhlryk/Projects/check-complex-types/src/createTypeFactory.js","statementMap":{"0":{"start":{"line":3,"column":0},"end":{"line":5,"column":3}},"1":{"start":{"line":7,"column":21},"end":{"line":7,"column":663}},"2":{"start":{"line":7,"column":79},"end":{"line":7,"column":81}},"3":{"start":{"line":7,"column":92},"end":{"line":7,"column":96}},"4":{"start":{"line":7,"column":107},"end":{"line":7,"column":112}},"5":{"start":{"line":7,"column":123},"end":{"line":7,"column":132}},"6":{"start":{"line":7,"column":134},"end":{"line":7,"column":413}},"7":{"start":{"line":7,"column":140},"end":{"line":7,"column":283}},"8":{"start":{"line":7,"column":226},"end":{"line":7,"column":246}},"9":{"start":{"line":7,"column":247},"end":{"line":7,"column":281}},"10":{"start":{"line":7,"column":275},"end":{"line":7,"column":281}},"11":{"start":{"line":7,"column":300},"end":{"line":7,"column":310}},"12":{"start":{"line":7,"column":311},"end":{"line":7,"column":320}},"13":{"start":{"line":7,"column":333},"end":{"line":7,"column":411}},"14":{"start":{"line":7,"column":339},"end":{"line":7,"column":379}},"15":{"start":{"line":7,"column":364},"end":{"line":7,"column":379}},"16":{"start":{"line":7,"column":392},"end":{"line":7,"column":409}},"17":{"start":{"line":7,"column":400},"end":{"line":7,"column":409}},"18":{"start":{"line":7,"column":414},"end":{"line":7,"column":426}},"19":{"start":{"line":7,"column":429},"end":{"line":7,"column":659}},"20":{"start":{"line":7,"column":456},"end":{"line":7,"column":656}},"21":{"start":{"line":7,"column":482},"end":{"line":7,"column":493}},"22":{"start":{"line":7,"column":501},"end":{"line":7,"column":656}},"23":{"start":{"line":7,"column":539},"end":{"line":7,"column":568}},"24":{"start":{"line":7,"column":578},"end":{"line":7,"column":654}},"25":{"start":{"line":9,"column":0},"end":{"line":9,"column":29}},"26":{"start":{"line":10,"column":30},"end":{"line":26,"column":1}},"27":{"start":{"line":11,"column":4},"end":{"line":25,"column":6}},"28":{"start":{"line":12,"column":25},"end":{"line":12,"column":95}},"29":{"start":{"line":13,"column":8},"end":{"line":24,"column":11}},"30":{"start":{"line":14,"column":24},"end":{"line":14,"column":47}},"31":{"start":{"line":15,"column":32},"end":{"line":15,"column":40}},"32":{"start":{"line":16,"column":24},"end":{"line":16,"column":32}},"33":{"start":{"line":18,"column":28},"end":{"line":18,"column":68}},"34":{"start":{"line":19,"column":12},"end":{"line":23,"column":13}},"35":{"start":{"line":20,"column":16},"end":{"line":20,"column":56}},"36":{"start":{"line":22,"column":16},"end":{"line":22,"column":28}},"37":{"start":{"line":28,"column":15},"end":{"line":41,"column":1}},"38":{"start":{"line":29,"column":36},"end":{"line":29,"column":106}},"39":{"start":{"line":30,"column":4},"end":{"line":40,"column":6}},"40":{"start":{"line":31,"column":29},"end":{"line":31,"column":99}},"41":{"start":{"line":33,"column":37},"end":{"line":33,"column":87}},"42":{"start":{"line":34,"column":34},"end":{"line":34,"column":74}},"43":{"start":{"line":35,"column":8},"end":{"line":39,"column":9}},"44":{"start":{"line":36,"column":12},"end":{"line":36,"column":74}},"45":{"start":{"line":38,"column":12},"end":{"line":38,"column":25}},"46":{"start":{"line":44,"column":28},"end":{"line":57,"column":5}},"47":{"start":{"line":45,"column":8},"end":{"line":56,"column":10}},"48":{"start":{"line":47,"column":16},"end":{"line":47,"column":67}},"49":{"start":{"line":50,"column":16},"end":{"line":54,"column":18}},"50":{"start":{"line":52,"column":24},"end":{"line":52,"column":91}},"51":{"start":{"line":58,"column":4},"end":{"line":60,"column":6}},"52":{"start":{"line":59,"column":8},"end":{"line":59,"column":48}},"53":{"start":{"line":61,"column":4},"end":{"line":67,"column":6}},"54":{"start":{"line":62,"column":8},"end":{"line":66,"column":10}},"55":{"start":{"line":64,"column":16},"end":{"line":64,"column":78}},"56":{"start":{"line":68,"column":4},"end":{"line":68,"column":29}},"57":{"start":{"line":72,"column":27},"end":{"line":72,"column":77}},"58":{"start":{"line":74,"column":4},"end":{"line":74,"column":53}}},"fnMap":{"0":{"name":"(anonymous_0)","decl":{"start":{"line":7,"column":21},"end":{"line":7,"column":22}},"loc":{"start":{"line":7,"column":33},"end":{"line":7,"column":661}},"line":7},"1":{"name":"sliceIterator","decl":{"start":{"line":7,"column":44},"end":{"line":7,"column":57}},"loc":{"start":{"line":7,"column":66},"end":{"line":7,"column":428}},"line":7},"2":{"name":"(anonymous_2)","decl":{"start":{"line":7,"column":436},"end":{"line":7,"column":437}},"loc":{"start":{"line":7,"column":454},"end":{"line":7,"column":658}},"line":7},"3":{"name":"extraConditionsResolver","decl":{"start":{"line":10,"column":39},"end":{"line":10,"column":62}},"loc":{"start":{"line":10,"column":90},"end":{"line":26,"column":1}},"line":10},"4":{"name":"(anonymous_4)","decl":{"start":{"line":11,"column":11},"end":{"line":11,"column":12}},"loc":{"start":{"line":11,"column":37},"end":{"line":25,"column":5}},"line":11},"5":{"name":"(anonymous_5)","decl":{"start":{"line":13,"column":48},"end":{"line":13,"column":49}},"loc":{"start":{"line":13,"column":64},"end":{"line":24,"column":9}},"line":13},"6":{"name":"resolver","decl":{"start":{"line":28,"column":24},"end":{"line":28,"column":32}},"loc":{"start":{"line":28,"column":48},"end":{"line":41,"column":1}},"line":28},"7":{"name":"(anonymous_7)","decl":{"start":{"line":30,"column":11},"end":{"line":30,"column":12}},"loc":{"start":{"line":30,"column":48},"end":{"line":40,"column":5}},"line":30},"8":{"name":"createTypeCheckFunction","decl":{"start":{"line":43,"column":9},"end":{"line":43,"column":32}},"loc":{"start":{"line":43,"column":51},"end":{"line":69,"column":1}},"line":43},"9":{"name":"typeCheckFunction","decl":{"start":{"line":44,"column":37},"end":{"line":44,"column":54}},"loc":{"start":{"line":44,"column":66},"end":{"line":57,"column":5}},"line":44},"10":{"name":"test","decl":{"start":{"line":46,"column":27},"end":{"line":46,"column":31}},"loc":{"start":{"line":46,"column":48},"end":{"line":48,"column":13}},"line":46},"11":{"name":"args","decl":{"start":{"line":49,"column":27},"end":{"line":49,"column":31}},"loc":{"start":{"line":49,"column":48},"end":{"line":55,"column":13}},"line":49},"12":{"name":"test","decl":{"start":{"line":51,"column":35},"end":{"line":51,"column":39}},"loc":{"start":{"line":51,"column":56},"end":{"line":53,"column":21}},"line":51},"13":{"name":"(anonymous_13)","decl":{"start":{"line":58,"column":29},"end":{"line":58,"column":30}},"loc":{"start":{"line":58,"column":55},"end":{"line":60,"column":5}},"line":58},"14":{"name":"(anonymous_14)","decl":{"start":{"line":61,"column":29},"end":{"line":61,"column":30}},"loc":{"start":{"line":61,"column":55},"end":{"line":67,"column":5}},"line":61},"15":{"name":"test","decl":{"start":{"line":63,"column":27},"end":{"line":63,"column":31}},"loc":{"start":{"line":63,"column":48},"end":{"line":65,"column":13}},"line":63},"16":{"name":"createType","decl":{"start":{"line":71,"column":9},"end":{"line":71,"column":19}},"loc":{"start":{"line":71,"column":62},"end":{"line":75,"column":1}},"line":71}},"branchMap":{"0":{"loc":{"start":{"line":7,"column":247},"end":{"line":7,"column":281}},"type":"if","locations":[{"start":{"line":7,"column":247},"end":{"line":7,"column":281}},{"start":{"line":7,"column":247},"end":{"line":7,"column":281}}],"line":7},"1":{"loc":{"start":{"line":7,"column":251},"end":{"line":7,"column":273}},"type":"binary-expr","locations":[{"start":{"line":7,"column":251},"end":{"line":7,"column":252}},{"start":{"line":7,"column":256},"end":{"line":7,"column":273}}],"line":7},"2":{"loc":{"start":{"line":7,"column":339},"end":{"line":7,"column":379}},"type":"if","locations":[{"start":{"line":7,"column":339},"end":{"line":7,"column":379}},{"start":{"line":7,"column":339},"end":{"line":7,"column":379}}],"line":7},"3":{"loc":{"start":{"line":7,"column":343},"end":{"line":7,"column":362}},"type":"binary-expr","locations":[{"start":{"line":7,"column":343},"end":{"line":7,"column":346}},{"start":{"line":7,"column":350},"end":{"line":7,"column":362}}],"line":7},"4":{"loc":{"start":{"line":7,"column":392},"end":{"line":7,"column":409}},"type":"if","locations":[{"start":{"line":7,"column":392},"end":{"line":7,"column":409}},{"start":{"line":7,"column":392},"end":{"line":7,"column":409}}],"line":7},"5":{"loc":{"start":{"line":7,"column":456},"end":{"line":7,"column":656}},"type":"if","locations":[{"start":{"line":7,"column":456},"end":{"line":7,"column":656}},{"start":{"line":7,"column":456},"end":{"line":7,"column":656}}],"line":7},"6":{"loc":{"start":{"line":7,"column":501},"end":{"line":7,"column":656}},"type":"if","locations":[{"start":{"line":7,"column":501},"end":{"line":7,"column":656}},{"start":{"line":7,"column":501},"end":{"line":7,"column":656}}],"line":7},"7":{"loc":{"start":{"line":12,"column":25},"end":{"line":12,"column":95}},"type":"cond-expr","locations":[{"start":{"line":12,"column":78},"end":{"line":12,"column":90}},{"start":{"line":12,"column":93},"end":{"line":12,"column":95}}],"line":12},"8":{"loc":{"start":{"line":12,"column":25},"end":{"line":12,"column":75}},"type":"binary-expr","locations":[{"start":{"line":12,"column":25},"end":{"line":12,"column":45}},{"start":{"line":12,"column":49},"end":{"line":12,"column":75}}],"line":12},"9":{"loc":{"start":{"line":19,"column":12},"end":{"line":23,"column":13}},"type":"if","locations":[{"start":{"line":19,"column":12},"end":{"line":23,"column":13}},{"start":{"line":19,"column":12},"end":{"line":23,"column":13}}],"line":19},"10":{"loc":{"start":{"line":19,"column":16},"end":{"line":19,"column":60}},"type":"binary-expr","locations":[{"start":{"line":19,"column":16},"end":{"line":19,"column":25}},{"start":{"line":19,"column":29},"end":{"line":19,"column":60}}],"line":19},"11":{"loc":{"start":{"line":29,"column":36},"end":{"line":29,"column":106}},"type":"cond-expr","locations":[{"start":{"line":29,"column":89},"end":{"line":29,"column":101}},{"start":{"line":29,"column":104},"end":{"line":29,"column":106}}],"line":29},"12":{"loc":{"start":{"line":29,"column":36},"end":{"line":29,"column":86}},"type":"binary-expr","locations":[{"start":{"line":29,"column":36},"end":{"line":29,"column":56}},{"start":{"line":29,"column":60},"end":{"line":29,"column":86}}],"line":29},"13":{"loc":{"start":{"line":31,"column":29},"end":{"line":31,"column":99}},"type":"cond-expr","locations":[{"start":{"line":31,"column":82},"end":{"line":31,"column":94}},{"start":{"line":31,"column":97},"end":{"line":31,"column":99}}],"line":31},"14":{"loc":{"start":{"line":31,"column":29},"end":{"line":31,"column":79}},"type":"binary-expr","locations":[{"start":{"line":31,"column":29},"end":{"line":31,"column":49}},{"start":{"line":31,"column":53},"end":{"line":31,"column":79}}],"line":31},"15":{"loc":{"start":{"line":35,"column":8},"end":{"line":39,"column":9}},"type":"if","locations":[{"start":{"line":35,"column":8},"end":{"line":39,"column":9}},{"start":{"line":35,"column":8},"end":{"line":39,"column":9}}],"line":35}},"s":{"0":1,"1":1,"2":0,"3":0,"4":0,"5":0,"6":0,"7":0,"8":0,"9":0,"10":0,"11":0,"12":0,"13":0,"14":0,"15":0,"16":0,"17":0,"18":0,"19":1,"20":20,"21":20,"22":0,"23":0,"24":0,"25":1,"26":1,"27":70,"28":53,"29":53,"30":20,"31":20,"32":20,"33":20,"34":20,"35":19,"36":1,"37":1,"38":18,"39":18,"40":70,"41":70,"42":70,"43":70,"44":53,"45":17,"46":18,"47":14,"48":14,"49":0,"50":0,"51":18,"52":36,"53":18,"54":20,"55":20,"56":18,"57":18,"58":18},"f":{"0":1,"1":0,"2":20,"3":70,"4":53,"5":20,"6":18,"7":70,"8":18,"9":14,"10":14,"11":0,"12":0,"13":36,"14":20,"15":20,"16":18},"b":{"0":[0,0],"1":[0,0],"2":[0,0],"3":[0,0],"4":[0,0],"5":[20,0],"6":[0,0],"7":[53,0],"8":[53,53],"9":[19,1],"10":[20,19],"11":[3,15],"12":[18,18],"13":[20,50],"14":[70,20],"15":[53,17]},"_coverageSchema":"d34fc3e6b8297bcde183f5492bcb8fcb36775295","hash":"9b7f935337866525cae7f4392084f624df7f0718","contentHash":"ecfa1dd8ef95224810f6c064395642dc_12.0.2"},"/home/uhlryk/Projects/check-complex-types/src/extra.array.spec.js":{"path":"/home/uhlryk/Projects/check-complex-types/src/extra.array.spec.js","statementMap":{"0":{"start":{"line":3,"column":13},"end":{"line":3,"column":31}},"1":{"start":{"line":5,"column":14},"end":{"line":5,"column":44}},"2":{"start":{"line":7,"column":39},"end":{"line":7,"column":93}},"3":{"start":{"line":9,"column":0},"end":{"line":27,"column":3}},"4":{"start":{"line":10,"column":4},"end":{"line":17,"column":7}},"5":{"start":{"line":11,"column":8},"end":{"line":13,"column":11}},"6":{"start":{"line":12,"column":12},"end":{"line":12,"column":106}},"7":{"start":{"line":14,"column":8},"end":{"line":16,"column":11}},"8":{"start":{"line":15,"column":12},"end":{"line":15,"column":105}},"9":{"start":{"line":19,"column":4},"end":{"line":26,"column":7}},"10":{"start":{"line":20,"column":8},"end":{"line":22,"column":11}},"11":{"start":{"line":21,"column":12},"end":{"line":21,"column":106}},"12":{"start":{"line":23,"column":8},"end":{"line":25,"column":11}},"13":{"start":{"line":24,"column":12},"end":{"line":24,"column":105}}},"fnMap":{"0":{"name":"_interopRequireDefault","decl":{"start":{"line":7,"column":9},"end":{"line":7,"column":31}},"loc":{"start":{"line":7,"column":37},"end":{"line":7,"column":95}},"line":7},"1":{"name":"(anonymous_1)","decl":{"start":{"line":9,"column":34},"end":{"line":9,"column":35}},"loc":{"start":{"line":9,"column":46},"end":{"line":27,"column":1}},"line":9},"2":{"name":"(anonymous_2)","decl":{"start":{"line":10,"column":37},"end":{"line":10,"column":38}},"loc":{"start":{"line":10,"column":49},"end":{"line":17,"column":5}},"line":10},"3":{"name":"(anonymous_3)","decl":{"start":{"line":11,"column":80},"end":{"line":11,"column":81}},"loc":{"start":{"line":11,"column":92},"end":{"line":13,"column":9}},"line":11},"4":{"name":"(anonymous_4)","decl":{"start":{"line":14,"column":78},"end":{"line":14,"column":79}},"loc":{"start":{"line":14,"column":90},"end":{"line":16,"column":9}},"line":14},"5":{"name":"(anonymous_5)","decl":{"start":{"line":19,"column":37},"end":{"line":19,"column":38}},"loc":{"start":{"line":19,"column":49},"end":{"line":26,"column":5}},"line":19},"6":{"name":"(anonymous_6)","decl":{"start":{"line":20,"column":79},"end":{"line":20,"column":80}},"loc":{"start":{"line":20,"column":91},"end":{"line":22,"column":9}},"line":20},"7":{"name":"(anonymous_7)","decl":{"start":{"line":23,"column":79},"end":{"line":23,"column":80}},"loc":{"start":{"line":23,"column":91},"end":{"line":25,"column":9}},"line":23}},"branchMap":{"0":{"loc":{"start":{"line":7,"column":46},"end":{"line":7,"column":92}},"type":"cond-expr","locations":[{"start":{"line":7,"column":70},"end":{"line":7,"column":73}},{"start":{"line":7,"column":76},"end":{"line":7,"column":92}}],"line":7},"1":{"loc":{"start":{"line":7,"column":46},"end":{"line":7,"column":67}},"type":"binary-expr","locations":[{"start":{"line":7,"column":46},"end":{"line":7,"column":49}},{"start":{"line":7,"column":53},"end":{"line":7,"column":67}}],"line":7}},"s":{"0":1,"1":1,"2":1,"3":1,"4":1,"5":1,"6":1,"7":1,"8":1,"9":1,"10":1,"11":1,"12":1,"13":1},"f":{"0":1,"1":1,"2":1,"3":1,"4":1,"5":1,"6":1,"7":1},"b":{"0":[1,0],"1":[1,1]},"_coverageSchema":"d34fc3e6b8297bcde183f5492bcb8fcb36775295","hash":"8305de6fb4ba7ce8d66f2adc794d95072eee73ec","contentHash":"6f21149eb998c557ec79ae5f521dadf1_12.0.2"},"/home/uhlryk/Projects/check-complex-types/src/index.js":{"path":"/home/uhlryk/Projects/check-complex-types/src/index.js","statementMap":{"0":{"start":{"line":3,"column":0},"end":{"line":5,"column":3}},"1":{"start":{"line":7,"column":11},"end":{"line":7,"column":39}},"2":{"start":{"line":9,"column":12},"end":{"line":9,"column":40}},"3":{"start":{"line":11,"column":13},"end":{"line":11,"column":45}},"4":{"start":{"line":13,"column":14},"end":{"line":13,"column":44}},"5":{"start":{"line":15,"column":15},"end":{"line":15,"column":47}},"6":{"start":{"line":17,"column":16},"end":{"line":17,"column":48}},"7":{"start":{"line":19,"column":16},"end":{"line":19,"column":49}},"8":{"start":{"line":21,"column":17},"end":{"line":21,"column":50}},"9":{"start":{"line":23,"column":16},"end":{"line":23,"column":49}},"10":{"start":{"line":25,"column":17},"end":{"line":25,"column":50}},"11":{"start":{"line":27,"column":12},"end":{"line":27,"column":41}},"12":{"start":{"line":29,"column":13},"end":{"line":29,"column":42}},"13":{"start":{"line":31,"column":14},"end":{"line":31,"column":45}},"14":{"start":{"line":33,"column":15},"end":{"line":33,"column":46}},"15":{"start":{"line":35,"column":14},"end":{"line":35,"column":45}},"16":{"start":{"line":37,"column":15},"end":{"line":37,"column":46}},"17":{"start":{"line":39,"column":14},"end":{"line":39,"column":45}},"18":{"start":{"line":41,"column":15},"end":{"line":41,"column":46}},"19":{"start":{"line":43,"column":14},"end":{"line":43,"column":45}},"20":{"start":{"line":45,"column":15},"end":{"line":45,"column":46}},"21":{"start":{"line":47,"column":17},"end":{"line":47,"column":51}},"22":{"start":{"line":49,"column":18},"end":{"line":49,"column":52}},"23":{"start":{"line":51,"column":25},"end":{"line":51,"column":55}},"24":{"start":{"line":53,"column":26},"end":{"line":53,"column":68}},"25":{"start":{"line":55,"column":17},"end":{"line":55,"column":53}},"26":{"start":{"line":57,"column":18},"end":{"line":57,"column":52}},"27":{"start":{"line":59,"column":12},"end":{"line":59,"column":43}},"28":{"start":{"line":61,"column":13},"end":{"line":61,"column":42}},"29":{"start":{"line":63,"column":13},"end":{"line":63,"column":45}},"30":{"start":{"line":65,"column":14},"end":{"line":65,"column":44}},"31":{"start":{"line":67,"column":16},"end":{"line":67,"column":51}},"32":{"start":{"line":69,"column":17},"end":{"line":69,"column":50}},"33":{"start":{"line":71,"column":11},"end":{"line":71,"column":41}},"34":{"start":{"line":73,"column":12},"end":{"line":73,"column":40}},"35":{"start":{"line":75,"column":12},"end":{"line":75,"column":43}},"36":{"start":{"line":77,"column":13},"end":{"line":77,"column":42}},"37":{"start":{"line":79,"column":17},"end":{"line":79,"column":55}},"38":{"start":{"line":81,"column":18},"end":{"line":81,"column":52}},"39":{"start":{"line":83,"column":17},"end":{"line":83,"column":55}},"40":{"start":{"line":85,"column":18},"end":{"line":85,"column":52}},"41":{"start":{"line":87,"column":16},"end":{"line":87,"column":53}},"42":{"start":{"line":89,"column":17},"end":{"line":89,"column":50}},"43":{"start":{"line":91,"column":16},"end":{"line":91,"column":53}},"44":{"start":{"line":93,"column":17},"end":{"line":93,"column":50}},"45":{"start":{"line":95,"column":13},"end":{"line":95,"column":47}},"46":{"start":{"line":97,"column":14},"end":{"line":97,"column":44}},"47":{"start":{"line":99,"column":13},"end":{"line":99,"column":47}},"48":{"start":{"line":101,"column":14},"end":{"line":101,"column":44}},"49":{"start":{"line":103,"column":39},"end":{"line":103,"column":93}},"50":{"start":{"line":110,"column":13},"end":{"line":110,"column":151}},"51":{"start":{"line":111,"column":13},"end":{"line":111,"column":179}},"52":{"start":{"line":112,"column":13},"end":{"line":112,"column":63}},"53":{"start":{"line":113,"column":12},"end":{"line":113,"column":129}},"54":{"start":{"line":114,"column":14},"end":{"line":114,"column":65}},"55":{"start":{"line":115,"column":15},"end":{"line":115,"column":67}},"56":{"start":{"line":116,"column":13},"end":{"line":116,"column":63}},"57":{"start":{"line":117,"column":16},"end":{"line":117,"column":69}},"58":{"start":{"line":118,"column":11},"end":{"line":118,"column":59}},"59":{"start":{"line":119,"column":10},"end":{"line":119,"column":57}},"60":{"start":{"line":120,"column":15},"end":{"line":120,"column":67}},"61":{"start":{"line":123,"column":16},"end":{"line":123,"column":69}},"62":{"start":{"line":124,"column":11},"end":{"line":124,"column":59}},"63":{"start":{"line":125,"column":12},"end":{"line":125,"column":61}},"64":{"start":{"line":126,"column":15},"end":{"line":126,"column":67}},"65":{"start":{"line":127,"column":10},"end":{"line":127,"column":57}},"66":{"start":{"line":128,"column":11},"end":{"line":128,"column":59}},"67":{"start":{"line":130,"column":0},"end":{"line":148,"column":2}}},"fnMap":{"0":{"name":"_interopRequireDefault","decl":{"start":{"line":103,"column":9},"end":{"line":103,"column":31}},"loc":{"start":{"line":103,"column":37},"end":{"line":103,"column":95}},"line":103}},"branchMap":{"0":{"loc":{"start":{"line":103,"column":46},"end":{"line":103,"column":92}},"type":"cond-expr","locations":[{"start":{"line":103,"column":70},"end":{"line":103,"column":73}},{"start":{"line":103,"column":76},"end":{"line":103,"column":92}}],"line":103},"1":{"loc":{"start":{"line":103,"column":46},"end":{"line":103,"column":67}},"type":"binary-expr","locations":[{"start":{"line":103,"column":46},"end":{"line":103,"column":49}},{"start":{"line":103,"column":53},"end":{"line":103,"column":67}}],"line":103}},"s":{"0":1,"1":1,"2":1,"3":1,"4":1,"5":1,"6":1,"7":1,"8":1,"9":1,"10":1,"11":1,"12":1,"13":1,"14":1,"15":1,"16":1,"17":1,"18":1,"19":1,"20":1,"21":1,"22":1,"23":1,"24":1,"25":1,"26":1,"27":1,"28":1,"29":1,"30":1,"31":1,"32":1,"33":1,"34":1,"35":1,"36":1,"37":1,"38":1,"39":1,"40":1,"41":1,"42":1,"43":1,"44":1,"45":1,"46":1,"47":1,"48":1,"49":24,"50":1,"51":1,"52":1,"53":1,"54":1,"55":1,"56":1,"57":1,"58":1,"59":1,"60":1,"61":1,"62":1,"63":1,"64":1,"65":1,"66":1,"67":1},"f":{"0":24},"b":{"0":[24,0],"1":[24,24]},"_coverageSchema":"d34fc3e6b8297bcde183f5492bcb8fcb36775295","hash":"1e086d7f77ecc8714832cfdc775f9748050301b3","contentHash":"dbce5f3593cb1b6b3ac8b021c124a6ed_12.0.2"},"/home/uhlryk/Projects/check-complex-types/src/types/basic/any.js":{"path":"/home/uhlryk/Projects/check-complex-types/src/types/basic/any.js","statementMap":{"0":{"start":{"line":3,"column":0},"end":{"line":5,"column":3}},"1":{"start":{"line":7,"column":0},"end":{"line":9,"column":2}},"2":{"start":{"line":8,"column":2},"end":{"line":8,"column":14}}},"fnMap":{"0":{"name":"(anonymous_0)","decl":{"start":{"line":7,"column":18},"end":{"line":7,"column":19}},"loc":{"start":{"line":7,"column":44},"end":{"line":9,"column":1}},"line":7}},"branchMap":{},"s":{"0":1,"1":1,"2":5},"f":{"0":5},"b":{},"_coverageSchema":"d34fc3e6b8297bcde183f5492bcb8fcb36775295","hash":"dfb5134d38d53181846e27c73b83aac8a9cc11db","contentHash":"81afd70a14e8fb752a85151b177ee7d3_12.0.2"},"/home/uhlryk/Projects/check-complex-types/src/types/complex/array.js":{"path":"/home/uhlryk/Projects/check-complex-types/src/types/complex/array.js","statementMap":{"0":{"start":{"line":3,"column":0},"end":{"line":5,"column":3}},"1":{"start":{"line":7,"column":14},"end":{"line":7,"column":268}},"2":{"start":{"line":7,"column":101},"end":{"line":7,"column":119}},"3":{"start":{"line":7,"column":141},"end":{"line":7,"column":266}},"4":{"start":{"line":9,"column":17},"end":{"line":9,"column":54}},"5":{"start":{"line":11,"column":18},"end":{"line":11,"column":52}},"6":{"start":{"line":13,"column":39},"end":{"line":13,"column":93}},"7":{"start":{"line":15,"column":0},"end":{"line":28,"column":2}},"8":{"start":{"line":16,"column":4},"end":{"line":27,"column":5}},"9":{"start":{"line":17,"column":8},"end":{"line":24,"column":9}},"10":{"start":{"line":18,"column":12},"end":{"line":18,"column":55}},"11":{"start":{"line":19,"column":12},"end":{"line":21,"column":15}},"12":{"start":{"line":20,"column":16},"end":{"line":20,"column":54}},"13":{"start":{"line":23,"column":12},"end":{"line":23,"column":24}},"14":{"start":{"line":26,"column":8},"end":{"line":26,"column":21}}},"fnMap":{"0":{"name":"(anonymous_0)","decl":{"start":{"line":7,"column":84},"end":{"line":7,"column":85}},"loc":{"start":{"line":7,"column":99},"end":{"line":7,"column":121}},"line":7},"1":{"name":"(anonymous_1)","decl":{"start":{"line":7,"column":124},"end":{"line":7,"column":125}},"loc":{"start":{"line":7,"column":139},"end":{"line":7,"column":268}},"line":7},"2":{"name":"_interopRequireDefault","decl":{"start":{"line":13,"column":9},"end":{"line":13,"column":31}},"loc":{"start":{"line":13,"column":37},"end":{"line":13,"column":95}},"line":13},"3":{"name":"(anonymous_3)","decl":{"start":{"line":15,"column":18},"end":{"line":15,"column":19}},"loc":{"start":{"line":15,"column":62},"end":{"line":28,"column":1}},"line":15},"4":{"name":"(anonymous_4)","decl":{"start":{"line":19,"column":40},"end":{"line":19,"column":41}},"loc":{"start":{"line":19,"column":59},"end":{"line":21,"column":13}},"line":19}},"branchMap":{"0":{"loc":{"start":{"line":7,"column":14},"end":{"line":7,"column":268}},"type":"cond-expr","locations":[{"start":{"line":7,"column":84},"end":{"line":7,"column":121}},{"start":{"line":7,"column":124},"end":{"line":7,"column":268}}],"line":7},"1":{"loc":{"start":{"line":7,"column":14},"end":{"line":7,"column":81}},"type":"binary-expr","locations":[{"start":{"line":7,"column":14},"end":{"line":7,"column":42}},{"start":{"line":7,"column":46},"end":{"line":7,"column":81}}],"line":7},"2":{"loc":{"start":{"line":7,"column":148},"end":{"line":7,"column":265}},"type":"cond-expr","locations":[{"start":{"line":7,"column":244},"end":{"line":7,"column":252}},{"start":{"line":7,"column":255},"end":{"line":7,"column":265}}],"line":7},"3":{"loc":{"start":{"line":7,"column":148},"end":{"line":7,"column":241}},"type":"binary-expr","locations":[{"start":{"line":7,"column":148},"end":{"line":7,"column":151}},{"start":{"line":7,"column":155},"end":{"line":7,"column":183}},{"start":{"line":7,"column":187},"end":{"line":7,"column":213}},{"start":{"line":7,"column":217},"end":{"line":7,"column":241}}],"line":7},"4":{"loc":{"start":{"line":13,"column":46},"end":{"line":13,"column":92}},"type":"cond-expr","locations":[{"start":{"line":13,"column":70},"end":{"line":13,"column":73}},{"start":{"line":13,"column":76},"end":{"line":13,"column":92}}],"line":13},"5":{"loc":{"start":{"line":13,"column":46},"end":{"line":13,"column":67}},"type":"binary-expr","locations":[{"start":{"line":13,"column":46},"end":{"line":13,"column":49}},{"start":{"line":13,"column":53},"end":{"line":13,"column":67}}],"line":13},"6":{"loc":{"start":{"line":16,"column":4},"end":{"line":27,"column":5}},"type":"if","locations":[{"start":{"line":16,"column":4},"end":{"line":27,"column":5}},{"start":{"line":16,"column":4},"end":{"line":27,"column":5}}],"line":16},"7":{"loc":{"start":{"line":16,"column":8},"end":{"line":16,"column":135}},"type":"binary-expr","locations":[{"start":{"line":16,"column":8},"end":{"line":16,"column":100}},{"start":{"line":16,"column":104},"end":{"line":16,"column":135}}],"line":16},"8":{"loc":{"start":{"line":16,"column":9},"end":{"line":16,"column":86}},"type":"cond-expr","locations":[{"start":{"line":16,"column":49},"end":{"line":16,"column":60}},{"start":{"line":16,"column":63},"end":{"line":16,"column":86}}],"line":16},"9":{"loc":{"start":{"line":17,"column":8},"end":{"line":24,"column":9}},"type":"if","locations":[{"start":{"line":17,"column":8},"end":{"line":24,"column":9}},{"start":{"line":17,"column":8},"end":{"line":24,"column":9}}],"line":17}},"s":{"0":1,"1":1,"2":13,"3":0,"4":1,"5":1,"6":1,"7":1,"8":14,"9":9,"10":3,"11":2,"12":7,"13":6,"14":5},"f":{"0":13,"1":0,"2":1,"3":14,"4":7},"b":{"0":[1,0],"1":[1,1],"2":[0,0],"3":[0,0,0,0],"4":[1,0],"5":[1,1],"6":[9,5],"7":[14,11],"8":[1,13],"9":[3,6]},"_coverageSchema":"d34fc3e6b8297bcde183f5492bcb8fcb36775295","hash":"6d3c275ef8dcd40cb09f6ed6ed2e86509b91f060","contentHash":"0169534eadcbb804033e99fc20c6905b_12.0.2"},"/home/uhlryk/Projects/check-complex-types/src/validators/checkType.js":{"path":"/home/uhlryk/Projects/check-complex-types/src/validators/checkType.js","statementMap":{"0":{"start":{"line":3,"column":0},"end":{"line":5,"column":3}},"1":{"start":{"line":7,"column":14},"end":{"line":7,"column":33}},"2":{"start":{"line":9,"column":15},"end":{"line":9,"column":46}},"3":{"start":{"line":11,"column":39},"end":{"line":11,"column":93}},"4":{"start":{"line":13,"column":0},"end":{"line":19,"column":2}},"5":{"start":{"line":14,"column":17},"end":{"line":14,"column":44}},"6":{"start":{"line":15,"column":4},"end":{"line":17,"column":5}},"7":{"start":{"line":16,"column":8},"end":{"line":16,"column":60}},"8":{"start":{"line":18,"column":4},"end":{"line":18,"column":16}}},"fnMap":{"0":{"name":"_interopRequireDefault","decl":{"start":{"line":11,"column":9},"end":{"line":11,"column":31}},"loc":{"start":{"line":11,"column":37},"end":{"line":11,"column":95}},"line":11},"1":{"name":"(anonymous_1)","decl":{"start":{"line":13,"column":18},"end":{"line":13,"column":19}},"loc":{"start":{"line":13,"column":34},"end":{"line":19,"column":1}},"line":13}},"branchMap":{"0":{"loc":{"start":{"line":11,"column":46},"end":{"line":11,"column":92}},"type":"cond-expr","locations":[{"start":{"line":11,"column":70},"end":{"line":11,"column":73}},{"start":{"line":11,"column":76},"end":{"line":11,"column":92}}],"line":11},"1":{"loc":{"start":{"line":11,"column":46},"end":{"line":11,"column":67}},"type":"binary-expr","locations":[{"start":{"line":11,"column":46},"end":{"line":11,"column":49}},{"start":{"line":11,"column":53},"end":{"line":11,"column":67}}],"line":11},"2":{"loc":{"start":{"line":15,"column":4},"end":{"line":17,"column":5}},"type":"if","locations":[{"start":{"line":15,"column":4},"end":{"line":17,"column":5}},{"start":{"line":15,"column":4},"end":{"line":17,"column":5}}],"line":15}},"s":{"0":1,"1":1,"2":1,"3":1,"4":1,"5":23,"6":23,"7":3,"8":20},"f":{"0":1,"1":23},"b":{"0":[1,0],"1":[1,1],"2":[3,20]},"_coverageSchema":"d34fc3e6b8297bcde183f5492bcb8fcb36775295","hash":"1148021990e11a6d58aa267135667d1574b9e21c","contentHash":"6ca412e96668fa28b27128e570621dce_12.0.2"},"/home/uhlryk/Projects/check-complex-types/src/validators/isType.js":{"path":"/home/uhlryk/Projects/check-complex-types/src/validators/isType.js","statementMap":{"0":{"start":{"line":3,"column":0},"end":{"line":5,"column":3}},"1":{"start":{"line":7,"column":0},"end":{"line":9,"column":2}},"2":{"start":{"line":8,"column":4},"end":{"line":8,"column":69}}},"fnMap":{"0":{"name":"(anonymous_0)","decl":{"start":{"line":7,"column":18},"end":{"line":7,"column":19}},"loc":{"start":{"line":7,"column":34},"end":{"line":9,"column":1}},"line":7}},"branchMap":{"0":{"loc":{"start":{"line":8,"column":13},"end":{"line":8,"column":67}},"type":"binary-expr","locations":[{"start":{"line":8,"column":13},"end":{"line":8,"column":18}},{"start":{"line":8,"column":22},"end":{"line":8,"column":32}},{"start":{"line":8,"column":36},"end":{"line":8,"column":67}}],"line":8}},"s":{"0":1,"1":1,"2":42},"f":{"0":42},"b":{"0":[42,40,38]},"_coverageSchema":"d34fc3e6b8297bcde183f5492bcb8fcb36775295","hash":"6c49b22089612bed7780fcae21e3691c3881780a","contentHash":"b7f498d2a0c5237863dd8bc1428c9e7d_12.0.2"},"/home/uhlryk/Projects/check-complex-types/src/types/basic/boolean.js":{"path":"/home/uhlryk/Projects/check-complex-types/src/types/basic/boolean.js","statementMap":{"0":{"start":{"line":3,"column":0},"end":{"line":5,"column":3}},"1":{"start":{"line":7,"column":0},"end":{"line":9,"column":2}},"2":{"start":{"line":8,"column":2},"end":{"line":8,"column":82}}},"fnMap":{"0":{"name":"(anonymous_0)","decl":{"start":{"line":7,"column":18},"end":{"line":7,"column":19}},"loc":{"start":{"line":7,"column":44},"end":{"line":9,"column":1}},"line":7}},"branchMap":{"0":{"loc":{"start":{"line":8,"column":9},"end":{"line":8,"column":81}},"type":"binary-expr","locations":[{"start":{"line":8,"column":9},"end":{"line":8,"column":44}},{"start":{"line":8,"column":48},"end":{"line":8,"column":81}}],"line":8}},"s":{"0":1,"1":1,"2":8},"f":{"0":8},"b":{"0":[8,6]},"_coverageSchema":"d34fc3e6b8297bcde183f5492bcb8fcb36775295","hash":"9b628174f9f8d7389e663a55a6bb5c0bf5dc7fc3","contentHash":"17a44386ae6775be73353a40157e34e8_12.0.2"},"/home/uhlryk/Projects/check-complex-types/src/types/basic/function.js":{"path":"/home/uhlryk/Projects/check-complex-types/src/types/basic/function.js","statementMap":{"0":{"start":{"line":3,"column":0},"end":{"line":5,"column":3}},"1":{"start":{"line":7,"column":0},"end":{"line":9,"column":2}},"2":{"start":{"line":8,"column":2},"end":{"line":8,"column":46}}},"fnMap":{"0":{"name":"(anonymous_0)","decl":{"start":{"line":7,"column":18},"end":{"line":7,"column":19}},"loc":{"start":{"line":7,"column":44},"end":{"line":9,"column":1}},"line":7}},"branchMap":{},"s":{"0":1,"1":1,"2":5},"f":{"0":5},"b":{},"_coverageSchema":"d34fc3e6b8297bcde183f5492bcb8fcb36775295","hash":"41ca520f032752ed70bc9609e8317afa32be1a29","contentHash":"0ffd7bc2bf377e7c149e85e42dab8dd8_12.0.2"},"/home/uhlryk/Projects/check-complex-types/src/types/basic/instance.js":{"path":"/home/uhlryk/Projects/check-complex-types/src/types/basic/instance.js","statementMap":{"0":{"start":{"line":3,"column":0},"end":{"line":5,"column":3}},"1":{"start":{"line":7,"column":0},"end":{"line":9,"column":2}},"2":{"start":{"line":8,"column":2},"end":{"line":8,"column":47}}},"fnMap":{"0":{"name":"(anonymous_0)","decl":{"start":{"line":7,"column":18},"end":{"line":7,"column":19}},"loc":{"start":{"line":7,"column":57},"end":{"line":9,"column":1}},"line":7}},"branchMap":{},"s":{"0":1,"1":1,"2":0},"f":{"0":0},"b":{},"_coverageSchema":"d34fc3e6b8297bcde183f5492bcb8fcb36775295","hash":"dea49e1796130e11aba3930e589fbd9ee2e5d261","contentHash":"fe969c55b596047d10ba00aa82e59b71_12.0.2"},"/home/uhlryk/Projects/check-complex-types/src/types/basic/null.js":{"path":"/home/uhlryk/Projects/check-complex-types/src/types/basic/null.js","statementMap":{"0":{"start":{"line":3,"column":0},"end":{"line":5,"column":3}},"1":{"start":{"line":7,"column":0},"end":{"line":9,"column":2}},"2":{"start":{"line":8,"column":2},"end":{"line":8,"column":33}}},"fnMap":{"0":{"name":"(anonymous_0)","decl":{"start":{"line":7,"column":18},"end":{"line":7,"column":19}},"loc":{"start":{"line":7,"column":44},"end":{"line":9,"column":1}},"line":7}},"branchMap":{},"s":{"0":1,"1":1,"2":9},"f":{"0":9},"b":{},"_coverageSchema":"d34fc3e6b8297bcde183f5492bcb8fcb36775295","hash":"b62504459966245de5ae9a0343aa4e3615fa721e","contentHash":"ce9da37fff0e36de1ab2d76052625182_12.0.2"},"/home/uhlryk/Projects/check-complex-types/src/types/basic/number.js":{"path":"/home/uhlryk/Projects/check-complex-types/src/types/basic/number.js","statementMap":{"0":{"start":{"line":3,"column":0},"end":{"line":5,"column":3}},"1":{"start":{"line":7,"column":0},"end":{"line":9,"column":2}},"2":{"start":{"line":8,"column":2},"end":{"line":8,"column":80}}},"fnMap":{"0":{"name":"(anonymous_0)","decl":{"start":{"line":7,"column":18},"end":{"line":7,"column":19}},"loc":{"start":{"line":7,"column":44},"end":{"line":9,"column":1}},"line":7}},"branchMap":{"0":{"loc":{"start":{"line":8,"column":9},"end":{"line":8,"column":79}},"type":"binary-expr","locations":[{"start":{"line":8,"column":9},"end":{"line":8,"column":43}},{"start":{"line":8,"column":47},"end":{"line":8,"column":79}}],"line":8}},"s":{"0":1,"1":1,"2":32},"f":{"0":32},"b":{"0":[32,12]},"_coverageSchema":"d34fc3e6b8297bcde183f5492bcb8fcb36775295","hash":"414cc6f287fd860a71ed190a98a891eb26dce82d","contentHash":"fbd894c06f1b7da1819d3bc7cd541366_12.0.2"},"/home/uhlryk/Projects/check-complex-types/src/types/basic/object.js":{"path":"/home/uhlryk/Projects/check-complex-types/src/types/basic/object.js","statementMap":{"0":{"start":{"line":3,"column":0},"end":{"line":5,"column":3}},"1":{"start":{"line":7,"column":14},"end":{"line":7,"column":268}},"2":{"start":{"line":7,"column":101},"end":{"line":7,"column":119}},"3":{"start":{"line":7,"column":141},"end":{"line":7,"column":266}},"4":{"start":{"line":9,"column":0},"end":{"line":11,"column":2}},"5":{"start":{"line":10,"column":4},"end":{"line":10,"column":270}}},"fnMap":{"0":{"name":"(anonymous_0)","decl":{"start":{"line":7,"column":84},"end":{"line":7,"column":85}},"loc":{"start":{"line":7,"column":99},"end":{"line":7,"column":121}},"line":7},"1":{"name":"(anonymous_1)","decl":{"start":{"line":7,"column":124},"end":{"line":7,"column":125}},"loc":{"start":{"line":7,"column":139},"end":{"line":7,"column":268}},"line":7},"2":{"name":"(anonymous_2)","decl":{"start":{"line":9,"column":18},"end":{"line":9,"column":19}},"loc":{"start":{"line":9,"column":44},"end":{"line":11,"column":1}},"line":9}},"branchMap":{"0":{"loc":{"start":{"line":7,"column":14},"end":{"line":7,"column":268}},"type":"cond-expr","locations":[{"start":{"line":7,"column":84},"end":{"line":7,"column":121}},{"start":{"line":7,"column":124},"end":{"line":7,"column":268}}],"line":7},"1":{"loc":{"start":{"line":7,"column":14},"end":{"line":7,"column":81}},"type":"binary-expr","locations":[{"start":{"line":7,"column":14},"end":{"line":7,"column":42}},{"start":{"line":7,"column":46},"end":{"line":7,"column":81}}],"line":7},"2":{"loc":{"start":{"line":7,"column":148},"end":{"line":7,"column":265}},"type":"cond-expr","locations":[{"start":{"line":7,"column":244},"end":{"line":7,"column":252}},{"start":{"line":7,"column":255},"end":{"line":7,"column":265}}],"line":7},"3":{"loc":{"start":{"line":7,"column":148},"end":{"line":7,"column":241}},"type":"binary-expr","locations":[{"start":{"line":7,"column":148},"end":{"line":7,"column":151}},{"start":{"line":7,"column":155},"end":{"line":7,"column":183}},{"start":{"line":7,"column":187},"end":{"line":7,"column":213}},{"start":{"line":7,"column":217},"end":{"line":7,"column":241}}],"line":7},"4":{"loc":{"start":{"line":10,"column":11},"end":{"line":10,"column":269}},"type":"binary-expr","locations":[{"start":{"line":10,"column":11},"end":{"line":10,"column":103}},{"start":{"line":10,"column":107},"end":{"line":10,"column":130}},{"start":{"line":10,"column":134},"end":{"line":10,"column":176}},{"start":{"line":10,"column":180},"end":{"line":10,"column":222}},{"start":{"line":10,"column":226},"end":{"line":10,"column":269}}],"line":10},"5":{"loc":{"start":{"line":10,"column":12},"end":{"line":10,"column":89}},"type":"cond-expr","locations":[{"start":{"line":10,"column":52},"end":{"line":10,"column":63}},{"start":{"line":10,"column":66},"end":{"line":10,"column":89}}],"line":10}},"s":{"0":1,"1":1,"2":10,"3":0,"4":1,"5":10},"f":{"0":10,"1":0,"2":10},"b":{"0":[1,0],"1":[1,1],"2":[0,0],"3":[0,0,0,0],"4":[10,5,4,3,2],"5":[0,10]},"_coverageSchema":"d34fc3e6b8297bcde183f5492bcb8fcb36775295","hash":"6c6b968db442a743306a5d2b0c98711f94825c33","contentHash":"c9b855682d0e28738b061c8ae845b0f0_12.0.2"},"/home/uhlryk/Projects/check-complex-types/src/types/basic/string.js":{"path":"/home/uhlryk/Projects/check-complex-types/src/types/basic/string.js","statementMap":{"0":{"start":{"line":3,"column":0},"end":{"line":5,"column":3}},"1":{"start":{"line":7,"column":0},"end":{"line":9,"column":2}},"2":{"start":{"line":8,"column":2},"end":{"line":8,"column":80}}},"fnMap":{"0":{"name":"(anonymous_0)","decl":{"start":{"line":7,"column":18},"end":{"line":7,"column":19}},"loc":{"start":{"line":7,"column":44},"end":{"line":9,"column":1}},"line":7}},"branchMap":{"0":{"loc":{"start":{"line":8,"column":9},"end":{"line":8,"column":79}},"type":"binary-expr","locations":[{"start":{"line":8,"column":9},"end":{"line":8,"column":43}},{"start":{"line":8,"column":47},"end":{"line":8,"column":79}}],"line":8}},"s":{"0":1,"1":1,"2":35},"f":{"0":35},"b":{"0":[35,9]},"_coverageSchema":"d34fc3e6b8297bcde183f5492bcb8fcb36775295","hash":"7715af5848ae44fc46171d1f6b252496d50b89da","contentHash":"b6a3ad08350d35f0dbd1da2904b9ee49_12.0.2"},"/home/uhlryk/Projects/check-complex-types/src/types/basic/symbol.js":{"path":"/home/uhlryk/Projects/check-complex-types/src/types/basic/symbol.js","statementMap":{"0":{"start":{"line":3,"column":0},"end":{"line":5,"column":3}},"1":{"start":{"line":7,"column":14},"end":{"line":7,"column":268}},"2":{"start":{"line":7,"column":101},"end":{"line":7,"column":119}},"3":{"start":{"line":7,"column":141},"end":{"line":7,"column":266}},"4":{"start":{"line":9,"column":0},"end":{"line":11,"column":2}},"5":{"start":{"line":10,"column":2},"end":{"line":10,"column":102}}},"fnMap":{"0":{"name":"(anonymous_0)","decl":{"start":{"line":7,"column":84},"end":{"line":7,"column":85}},"loc":{"start":{"line":7,"column":99},"end":{"line":7,"column":121}},"line":7},"1":{"name":"(anonymous_1)","decl":{"start":{"line":7,"column":124},"end":{"line":7,"column":125}},"loc":{"start":{"line":7,"column":139},"end":{"line":7,"column":268}},"line":7},"2":{"name":"(anonymous_2)","decl":{"start":{"line":9,"column":18},"end":{"line":9,"column":19}},"loc":{"start":{"line":9,"column":44},"end":{"line":11,"column":1}},"line":9}},"branchMap":{"0":{"loc":{"start":{"line":7,"column":14},"end":{"line":7,"column":268}},"type":"cond-expr","locations":[{"start":{"line":7,"column":84},"end":{"line":7,"column":121}},{"start":{"line":7,"column":124},"end":{"line":7,"column":268}}],"line":7},"1":{"loc":{"start":{"line":7,"column":14},"end":{"line":7,"column":81}},"type":"binary-expr","locations":[{"start":{"line":7,"column":14},"end":{"line":7,"column":42}},{"start":{"line":7,"column":46},"end":{"line":7,"column":81}}],"line":7},"2":{"loc":{"start":{"line":7,"column":148},"end":{"line":7,"column":265}},"type":"cond-expr","locations":[{"start":{"line":7,"column":244},"end":{"line":7,"column":252}},{"start":{"line":7,"column":255},"end":{"line":7,"column":265}}],"line":7},"3":{"loc":{"start":{"line":7,"column":148},"end":{"line":7,"column":241}},"type":"binary-expr","locations":[{"start":{"line":7,"column":148},"end":{"line":7,"column":151}},{"start":{"line":7,"column":155},"end":{"line":7,"column":183}},{"start":{"line":7,"column":187},"end":{"line":7,"column":213}},{"start":{"line":7,"column":217},"end":{"line":7,"column":241}}],"line":7},"4":{"loc":{"start":{"line":10,"column":10},"end":{"line":10,"column":87}},"type":"cond-expr","locations":[{"start":{"line":10,"column":50},"end":{"line":10,"column":61}},{"start":{"line":10,"column":64},"end":{"line":10,"column":87}}],"line":10}},"s":{"0":1,"1":1,"2":4,"3":0,"4":1,"5":5},"f":{"0":4,"1":0,"2":5},"b":{"0":[1,0],"1":[1,1],"2":[0,0],"3":[0,0,0,0],"4":[1,4]},"_coverageSchema":"d34fc3e6b8297bcde183f5492bcb8fcb36775295","hash":"1b993e6d699c200e971f13c4fa7d09e19ee39eb4","contentHash":"71cf2df4353ff62c15590113cfb189ed_12.0.2"},"/home/uhlryk/Projects/check-complex-types/src/types/basic/undefined.js":{"path":"/home/uhlryk/Projects/check-complex-types/src/types/basic/undefined.js","statementMap":{"0":{"start":{"line":3,"column":0},"end":{"line":5,"column":3}},"1":{"start":{"line":7,"column":0},"end":{"line":9,"column":2}},"2":{"start":{"line":8,"column":2},"end":{"line":8,"column":47}}},"fnMap":{"0":{"name":"(anonymous_0)","decl":{"start":{"line":7,"column":18},"end":{"line":7,"column":19}},"loc":{"start":{"line":7,"column":44},"end":{"line":9,"column":1}},"line":7}},"branchMap":{},"s":{"0":1,"1":1,"2":5},"f":{"0":5},"b":{},"_coverageSchema":"d34fc3e6b8297bcde183f5492bcb8fcb36775295","hash":"9f615fd853622290f1607f2f74c77b5457dcd7b7","contentHash":"b3f9fd83dfeda51aeb17099236399e62_12.0.2"},"/home/uhlryk/Projects/check-complex-types/src/types/complex/interface.js":{"path":"/home/uhlryk/Projects/check-complex-types/src/types/complex/interface.js","statementMap":{"0":{"start":{"line":3,"column":0},"end":{"line":5,"column":3}},"1":{"start":{"line":7,"column":21},"end":{"line":7,"column":663}},"2":{"start":{"line":7,"column":79},"end":{"line":7,"column":81}},"3":{"start":{"line":7,"column":92},"end":{"line":7,"column":96}},"4":{"start":{"line":7,"column":107},"end":{"line":7,"column":112}},"5":{"start":{"line":7,"column":123},"end":{"line":7,"column":132}},"6":{"start":{"line":7,"column":134},"end":{"line":7,"column":413}},"7":{"start":{"line":7,"column":140},"end":{"line":7,"column":283}},"8":{"start":{"line":7,"column":226},"end":{"line":7,"column":246}},"9":{"start":{"line":7,"column":247},"end":{"line":7,"column":281}},"10":{"start":{"line":7,"column":275},"end":{"line":7,"column":281}},"11":{"start":{"line":7,"column":300},"end":{"line":7,"column":310}},"12":{"start":{"line":7,"column":311},"end":{"line":7,"column":320}},"13":{"start":{"line":7,"column":333},"end":{"line":7,"column":411}},"14":{"start":{"line":7,"column":339},"end":{"line":7,"column":379}},"15":{"start":{"line":7,"column":364},"end":{"line":7,"column":379}},"16":{"start":{"line":7,"column":392},"end":{"line":7,"column":409}},"17":{"start":{"line":7,"column":400},"end":{"line":7,"column":409}},"18":{"start":{"line":7,"column":414},"end":{"line":7,"column":426}},"19":{"start":{"line":7,"column":429},"end":{"line":7,"column":659}},"20":{"start":{"line":7,"column":456},"end":{"line":7,"column":656}},"21":{"start":{"line":7,"column":482},"end":{"line":7,"column":493}},"22":{"start":{"line":7,"column":501},"end":{"line":7,"column":656}},"23":{"start":{"line":7,"column":539},"end":{"line":7,"column":568}},"24":{"start":{"line":7,"column":578},"end":{"line":7,"column":654}},"25":{"start":{"line":9,"column":14},"end":{"line":9,"column":268}},"26":{"start":{"line":9,"column":101},"end":{"line":9,"column":119}},"27":{"start":{"line":9,"column":141},"end":{"line":9,"column":266}},"28":{"start":{"line":11,"column":17},"end":{"line":11,"column":54}},"29":{"start":{"line":13,"column":18},"end":{"line":13,"column":52}},"30":{"start":{"line":15,"column":39},"end":{"line":15,"column":93}},"31":{"start":{"line":17,"column":0},"end":{"line":27,"column":2}},"32":{"start":{"line":18,"column":26},"end":{"line":18,"column":96}},"33":{"start":{"line":19,"column":4},"end":{"line":26,"column":7}},"34":{"start":{"line":20,"column":20},"end":{"line":20,"column":43}},"35":{"start":{"line":21,"column":33},"end":{"line":21,"column":41}},"36":{"start":{"line":22,"column":19},"end":{"line":22,"column":27}},"37":{"start":{"line":24,"column":8},"end":{"line":24,"column":39}},"38":{"start":{"line":25,"column":8},"end":{"line":25,"column":61}}},"fnMap":{"0":{"name":"(anonymous_0)","decl":{"start":{"line":7,"column":21},"end":{"line":7,"column":22}},"loc":{"start":{"line":7,"column":33},"end":{"line":7,"column":661}},"line":7},"1":{"name":"sliceIterator","decl":{"start":{"line":7,"column":44},"end":{"line":7,"column":57}},"loc":{"start":{"line":7,"column":66},"end":{"line":7,"column":428}},"line":7},"2":{"name":"(anonymous_2)","decl":{"start":{"line":7,"column":436},"end":{"line":7,"column":437}},"loc":{"start":{"line":7,"column":454},"end":{"line":7,"column":658}},"line":7},"3":{"name":"(anonymous_3)","decl":{"start":{"line":9,"column":84},"end":{"line":9,"column":85}},"loc":{"start":{"line":9,"column":99},"end":{"line":9,"column":121}},"line":9},"4":{"name":"(anonymous_4)","decl":{"start":{"line":9,"column":124},"end":{"line":9,"column":125}},"loc":{"start":{"line":9,"column":139},"end":{"line":9,"column":268}},"line":9},"5":{"name":"_interopRequireDefault","decl":{"start":{"line":15,"column":9},"end":{"line":15,"column":31}},"loc":{"start":{"line":15,"column":37},"end":{"line":15,"column":95}},"line":15},"6":{"name":"(anonymous_6)","decl":{"start":{"line":17,"column":18},"end":{"line":17,"column":19}},"loc":{"start":{"line":17,"column":44},"end":{"line":27,"column":1}},"line":17},"7":{"name":"(anonymous_7)","decl":{"start":{"line":19,"column":145},"end":{"line":19,"column":146}},"loc":{"start":{"line":19,"column":161},"end":{"line":26,"column":5}},"line":19}},"branchMap":{"0":{"loc":{"start":{"line":7,"column":247},"end":{"line":7,"column":281}},"type":"if","locations":[{"start":{"line":7,"column":247},"end":{"line":7,"column":281}},{"start":{"line":7,"column":247},"end":{"line":7,"column":281}}],"line":7},"1":{"loc":{"start":{"line":7,"column":251},"end":{"line":7,"column":273}},"type":"binary-expr","locations":[{"start":{"line":7,"column":251},"end":{"line":7,"column":252}},{"start":{"line":7,"column":256},"end":{"line":7,"column":273}}],"line":7},"2":{"loc":{"start":{"line":7,"column":339},"end":{"line":7,"column":379}},"type":"if","locations":[{"start":{"line":7,"column":339},"end":{"line":7,"column":379}},{"start":{"line":7,"column":339},"end":{"line":7,"column":379}}],"line":7},"3":{"loc":{"start":{"line":7,"column":343},"end":{"line":7,"column":362}},"type":"binary-expr","locations":[{"start":{"line":7,"column":343},"end":{"line":7,"column":346}},{"start":{"line":7,"column":350},"end":{"line":7,"column":362}}],"line":7},"4":{"loc":{"start":{"line":7,"column":392},"end":{"line":7,"column":409}},"type":"if","locations":[{"start":{"line":7,"column":392},"end":{"line":7,"column":409}},{"start":{"line":7,"column":392},"end":{"line":7,"column":409}}],"line":7},"5":{"loc":{"start":{"line":7,"column":456},"end":{"line":7,"column":656}},"type":"if","locations":[{"start":{"line":7,"column":456},"end":{"line":7,"column":656}},{"start":{"line":7,"column":456},"end":{"line":7,"column":656}}],"line":7},"6":{"loc":{"start":{"line":7,"column":501},"end":{"line":7,"column":656}},"type":"if","locations":[{"start":{"line":7,"column":501},"end":{"line":7,"column":656}},{"start":{"line":7,"column":501},"end":{"line":7,"column":656}}],"line":7},"7":{"loc":{"start":{"line":9,"column":14},"end":{"line":9,"column":268}},"type":"cond-expr","locations":[{"start":{"line":9,"column":84},"end":{"line":9,"column":121}},{"start":{"line":9,"column":124},"end":{"line":9,"column":268}}],"line":9},"8":{"loc":{"start":{"line":9,"column":14},"end":{"line":9,"column":81}},"type":"binary-expr","locations":[{"start":{"line":9,"column":14},"end":{"line":9,"column":42}},{"start":{"line":9,"column":46},"end":{"line":9,"column":81}}],"line":9},"9":{"loc":{"start":{"line":9,"column":148},"end":{"line":9,"column":265}},"type":"cond-expr","locations":[{"start":{"line":9,"column":244},"end":{"line":9,"column":252}},{"start":{"line":9,"column":255},"end":{"line":9,"column":265}}],"line":9},"10":{"loc":{"start":{"line":9,"column":148},"end":{"line":9,"column":241}},"type":"binary-expr","locations":[{"start":{"line":9,"column":148},"end":{"line":9,"column":151}},{"start":{"line":9,"column":155},"end":{"line":9,"column":183}},{"start":{"line":9,"column":187},"end":{"line":9,"column":213}},{"start":{"line":9,"column":217},"end":{"line":9,"column":241}}],"line":9},"11":{"loc":{"start":{"line":15,"column":46},"end":{"line":15,"column":92}},"type":"cond-expr","locations":[{"start":{"line":15,"column":70},"end":{"line":15,"column":73}},{"start":{"line":15,"column":76},"end":{"line":15,"column":92}}],"line":15},"12":{"loc":{"start":{"line":15,"column":46},"end":{"line":15,"column":67}},"type":"binary-expr","locations":[{"start":{"line":15,"column":46},"end":{"line":15,"column":49}},{"start":{"line":15,"column":53},"end":{"line":15,"column":67}}],"line":15},"13":{"loc":{"start":{"line":18,"column":26},"end":{"line":18,"column":96}},"type":"cond-expr","locations":[{"start":{"line":18,"column":79},"end":{"line":18,"column":91}},{"start":{"line":18,"column":94},"end":{"line":18,"column":96}}],"line":18},"14":{"loc":{"start":{"line":18,"column":26},"end":{"line":18,"column":76}},"type":"binary-expr","locations":[{"start":{"line":18,"column":26},"end":{"line":18,"column":46}},{"start":{"line":18,"column":50},"end":{"line":18,"column":76}}],"line":18},"15":{"loc":{"start":{"line":19,"column":11},"end":{"line":26,"column":6}},"type":"binary-expr","locations":[{"start":{"line":19,"column":11},"end":{"line":19,"column":103}},{"start":{"line":19,"column":107},"end":{"line":26,"column":6}}],"line":19},"16":{"loc":{"start":{"line":19,"column":12},"end":{"line":19,"column":89}},"type":"cond-expr","locations":[{"start":{"line":19,"column":52},"end":{"line":19,"column":63}},{"start":{"line":19,"column":66},"end":{"line":19,"column":89}}],"line":19}},"s":{"0":1,"1":1,"2":0,"3":0,"4":0,"5":0,"6":0,"7":0,"8":0,"9":0,"10":0,"11":0,"12":0,"13":0,"14":0,"15":0,"16":0,"17":0,"18":0,"19":1,"20":13,"21":13,"22":0,"23":0,"24":0,"25":1,"26":14,"27":0,"28":1,"29":1,"30":1,"31":1,"32":14,"33":14,"34":13,"35":13,"36":13,"37":13,"38":13},"f":{"0":1,"1":0,"2":13,"3":14,"4":0,"5":1,"6":14,"7":13},"b":{"0":[0,0],"1":[0,0],"2":[0,0],"3":[0,0],"4":[0,0],"5":[13,0],"6":[0,0],"7":[1,0],"8":[1,1],"9":[0,0],"10":[0,0,0,0],"11":[1,0],"12":[1,1],"13":[13,1],"14":[14,13],"15":[14,14],"16":[0,14]},"_coverageSchema":"d34fc3e6b8297bcde183f5492bcb8fcb36775295","hash":"423c524a3aaf919b2dd5bf1047e24c4d72c55801","contentHash":"debb8696f8fa2393fc555e49632f07bf_12.0.2"},"/home/uhlryk/Projects/check-complex-types/src/types/complex/some.js":{"path":"/home/uhlryk/Projects/check-complex-types/src/types/complex/some.js","statementMap":{"0":{"start":{"line":3,"column":0},"end":{"line":5,"column":3}},"1":{"start":{"line":7,"column":25},"end":{"line":7,"column":70}},"2":{"start":{"line":9,"column":26},"end":{"line":9,"column":68}},"3":{"start":{"line":11,"column":39},"end":{"line":11,"column":93}},"4":{"start":{"line":13,"column":0},"end":{"line":18,"column":2}},"5":{"start":{"line":14,"column":4},"end":{"line":14,"column":51}},"6":{"start":{"line":15,"column":4},"end":{"line":17,"column":7}},"7":{"start":{"line":16,"column":8},"end":{"line":16,"column":41}}},"fnMap":{"0":{"name":"_interopRequireDefault","decl":{"start":{"line":11,"column":9},"end":{"line":11,"column":31}},"loc":{"start":{"line":11,"column":37},"end":{"line":11,"column":95}},"line":11},"1":{"name":"(anonymous_1)","decl":{"start":{"line":13,"column":18},"end":{"line":13,"column":19}},"loc":{"start":{"line":13,"column":58},"end":{"line":18,"column":1}},"line":13},"2":{"name":"(anonymous_2)","decl":{"start":{"line":15,"column":29},"end":{"line":15,"column":30}},"loc":{"start":{"line":15,"column":45},"end":{"line":17,"column":5}},"line":15}},"branchMap":{"0":{"loc":{"start":{"line":11,"column":46},"end":{"line":11,"column":92}},"type":"cond-expr","locations":[{"start":{"line":11,"column":70},"end":{"line":11,"column":73}},{"start":{"line":11,"column":76},"end":{"line":11,"column":92}}],"line":11},"1":{"loc":{"start":{"line":11,"column":46},"end":{"line":11,"column":67}},"type":"binary-expr","locations":[{"start":{"line":11,"column":46},"end":{"line":11,"column":49}},{"start":{"line":11,"column":53},"end":{"line":11,"column":67}}],"line":11}},"s":{"0":1,"1":1,"2":1,"3":1,"4":1,"5":7,"6":4,"7":6},"f":{"0":1,"1":7,"2":6},"b":{"0":[1,0],"1":[1,1]},"_coverageSchema":"d34fc3e6b8297bcde183f5492bcb8fcb36775295","hash":"b4f3e2090bc4afb386c74d1c290de5663e4bb7b1","contentHash":"fece8dbfac497dfa466eff18178c2f2c_12.0.2"},"/home/uhlryk/Projects/check-complex-types/src/validators/checkArrayOfTypes.js":{"path":"/home/uhlryk/Projects/check-complex-types/src/validators/checkArrayOfTypes.js","statementMap":{"0":{"start":{"line":3,"column":0},"end":{"line":5,"column":3}},"1":{"start":{"line":7,"column":22},"end":{"line":7,"column":49}},"2":{"start":{"line":9,"column":23},"end":{"line":9,"column":62}},"3":{"start":{"line":11,"column":39},"end":{"line":11,"column":93}},"4":{"start":{"line":13,"column":0},"end":{"line":19,"column":2}},"5":{"start":{"line":14,"column":17},"end":{"line":14,"column":60}},"6":{"start":{"line":15,"column":4},"end":{"line":17,"column":5}},"7":{"start":{"line":16,"column":8},"end":{"line":16,"column":79}},"8":{"start":{"line":18,"column":4},"end":{"line":18,"column":16}}},"fnMap":{"0":{"name":"_interopRequireDefault","decl":{"start":{"line":11,"column":9},"end":{"line":11,"column":31}},"loc":{"start":{"line":11,"column":37},"end":{"line":11,"column":95}},"line":11},"1":{"name":"(anonymous_1)","decl":{"start":{"line":13,"column":18},"end":{"line":13,"column":19}},"loc":{"start":{"line":13,"column":42},"end":{"line":19,"column":1}},"line":13}},"branchMap":{"0":{"loc":{"start":{"line":11,"column":46},"end":{"line":11,"column":92}},"type":"cond-expr","locations":[{"start":{"line":11,"column":70},"end":{"line":11,"column":73}},{"start":{"line":11,"column":76},"end":{"line":11,"column":92}}],"line":11},"1":{"loc":{"start":{"line":11,"column":46},"end":{"line":11,"column":67}},"type":"binary-expr","locations":[{"start":{"line":11,"column":46},"end":{"line":11,"column":49}},{"start":{"line":11,"column":53},"end":{"line":11,"column":67}}],"line":11},"2":{"loc":{"start":{"line":15,"column":4},"end":{"line":17,"column":5}},"type":"if","locations":[{"start":{"line":15,"column":4},"end":{"line":17,"column":5}},{"start":{"line":15,"column":4},"end":{"line":17,"column":5}}],"line":15}},"s":{"0":1,"1":1,"2":1,"3":1,"4":1,"5":18,"6":18,"7":7,"8":11},"f":{"0":1,"1":18},"b":{"0":[1,0],"1":[1,1],"2":[7,11]},"_coverageSchema":"d34fc3e6b8297bcde183f5492bcb8fcb36775295","hash":"ee18a4ff6e6d7da56827996df5ee09b17dc94de3","contentHash":"d447f7dc73ff0d5b500886600d954432_12.0.2"},"/home/uhlryk/Projects/check-complex-types/src/validators/isArrayOfTypes.js":{"path":"/home/uhlryk/Projects/check-complex-types/src/validators/isArrayOfTypes.js","statementMap":{"0":{"start":{"line":3,"column":0},"end":{"line":5,"column":3}},"1":{"start":{"line":7,"column":14},"end":{"line":7,"column":268}},"2":{"start":{"line":7,"column":101},"end":{"line":7,"column":119}},"3":{"start":{"line":7,"column":141},"end":{"line":7,"column":266}},"4":{"start":{"line":9,"column":14},"end":{"line":9,"column":33}},"5":{"start":{"line":11,"column":15},"end":{"line":11,"column":46}},"6":{"start":{"line":13,"column":39},"end":{"line":13,"column":93}},"7":{"start":{"line":15,"column":14},"end":{"line":17,"column":1}},"8":{"start":{"line":16,"column":4},"end":{"line":16,"column":112}},"9":{"start":{"line":18,"column":22},"end":{"line":20,"column":1}},"10":{"start":{"line":19,"column":4},"end":{"line":19,"column":28}},"11":{"start":{"line":22,"column":0},"end":{"line":27,"column":2}},"12":{"start":{"line":23,"column":4},"end":{"line":25,"column":5}},"13":{"start":{"line":24,"column":8},"end":{"line":24,"column":21}},"14":{"start":{"line":26,"column":4},"end":{"line":26,"column":48}}},"fnMap":{"0":{"name":"(anonymous_0)","decl":{"start":{"line":7,"column":84},"end":{"line":7,"column":85}},"loc":{"start":{"line":7,"column":99},"end":{"line":7,"column":121}},"line":7},"1":{"name":"(anonymous_1)","decl":{"start":{"line":7,"column":124},"end":{"line":7,"column":125}},"loc":{"start":{"line":7,"column":139},"end":{"line":7,"column":268}},"line":7},"2":{"name":"_interopRequireDefault","decl":{"start":{"line":13,"column":9},"end":{"line":13,"column":31}},"loc":{"start":{"line":13,"column":37},"end":{"line":13,"column":95}},"line":13},"3":{"name":"isArray","decl":{"start":{"line":15,"column":23},"end":{"line":15,"column":30}},"loc":{"start":{"line":15,"column":38},"end":{"line":17,"column":1}},"line":15},"4":{"name":"isArrayNotEmpty","decl":{"start":{"line":18,"column":31},"end":{"line":18,"column":46}},"loc":{"start":{"line":18,"column":54},"end":{"line":20,"column":1}},"line":18},"5":{"name":"(anonymous_5)","decl":{"start":{"line":22,"column":18},"end":{"line":22,"column":19}},"loc":{"start":{"line":22,"column":42},"end":{"line":27,"column":1}},"line":22}},"branchMap":{"0":{"loc":{"start":{"line":7,"column":14},"end":{"line":7,"column":268}},"type":"cond-expr","locations":[{"start":{"line":7,"column":84},"end":{"line":7,"column":121}},{"start":{"line":7,"column":124},"end":{"line":7,"column":268}}],"line":7},"1":{"loc":{"start":{"line":7,"column":14},"end":{"line":7,"column":81}},"type":"binary-expr","locations":[{"start":{"line":7,"column":14},"end":{"line":7,"column":42}},{"start":{"line":7,"column":46},"end":{"line":7,"column":81}}],"line":7},"2":{"loc":{"start":{"line":7,"column":148},"end":{"line":7,"column":265}},"type":"cond-expr","locations":[{"start":{"line":7,"column":244},"end":{"line":7,"column":252}},{"start":{"line":7,"column":255},"end":{"line":7,"column":265}}],"line":7},"3":{"loc":{"start":{"line":7,"column":148},"end":{"line":7,"column":241}},"type":"binary-expr","locations":[{"start":{"line":7,"column":148},"end":{"line":7,"column":151}},{"start":{"line":7,"column":155},"end":{"line":7,"column":183}},{"start":{"line":7,"column":187},"end":{"line":7,"column":213}},{"start":{"line":7,"column":217},"end":{"line":7,"column":241}}],"line":7},"4":{"loc":{"start":{"line":13,"column":46},"end":{"line":13,"column":92}},"type":"cond-expr","locations":[{"start":{"line":13,"column":70},"end":{"line":13,"column":73}},{"start":{"line":13,"column":76},"end":{"line":13,"column":92}}],"line":13},"5":{"loc":{"start":{"line":13,"column":46},"end":{"line":13,"column":67}},"type":"binary-expr","locations":[{"start":{"line":13,"column":46},"end":{"line":13,"column":49}},{"start":{"line":13,"column":53},"end":{"line":13,"column":67}}],"line":13},"6":{"loc":{"start":{"line":16,"column":11},"end":{"line":16,"column":111}},"type":"binary-expr","locations":[{"start":{"line":16,"column":11},"end":{"line":16,"column":85}},{"start":{"line":16,"column":89},"end":{"line":16,"column":111}}],"line":16},"7":{"loc":{"start":{"line":16,"column":12},"end":{"line":16,"column":71}},"type":"cond-expr","locations":[{"start":{"line":16,"column":43},"end":{"line":16,"column":54}},{"start":{"line":16,"column":57},"end":{"line":16,"column":71}}],"line":16},"8":{"loc":{"start":{"line":23,"column":4},"end":{"line":25,"column":5}},"type":"if","locations":[{"start":{"line":23,"column":4},"end":{"line":25,"column":5}},{"start":{"line":23,"column":4},"end":{"line":25,"column":5}}],"line":23},"9":{"loc":{"start":{"line":23,"column":8},"end":{"line":23,"column":64}},"type":"binary-expr","locations":[{"start":{"line":23,"column":8},"end":{"line":23,"column":30}},{"start":{"line":23,"column":34},"end":{"line":23,"column":64}}],"line":23}},"s":{"0":1,"1":1,"2":15,"3":0,"4":1,"5":1,"6":1,"7":1,"8":18,"9":1,"10":15,"11":1,"12":18,"13":6,"14":12},"f":{"0":15,"1":0,"2":1,"3":18,"4":15,"5":18},"b":{"0":[1,0],"1":[1,1],"2":[0,0],"3":[0,0,0,0],"4":[1,0],"5":[1,1],"6":[18,15],"7":[3,15],"8":[6,12],"9":[18,15]},"_coverageSchema":"d34fc3e6b8297bcde183f5492bcb8fcb36775295","hash":"9a38280e7dbc33ac7254a1427babfa797d002e6b","contentHash":"cafb4851c0f9290272e1f03f27b87d57_12.0.2"},"/home/uhlryk/Projects/check-complex-types/src/types/complex/every.js":{"path":"/home/uhlryk/Projects/check-complex-types/src/types/complex/every.js","statementMap":{"0":{"start":{"line":3,"column":0},"end":{"line":5,"column":3}},"1":{"start":{"line":7,"column":25},"end":{"line":7,"column":70}},"2":{"start":{"line":9,"column":26},"end":{"line":9,"column":68}},"3":{"start":{"line":11,"column":39},"end":{"line":11,"column":93}},"4":{"start":{"line":13,"column":0},"end":{"line":18,"column":2}},"5":{"start":{"line":14,"column":4},"end":{"line":14,"column":51}},"6":{"start":{"line":15,"column":4},"end":{"line":17,"column":7}},"7":{"start":{"line":16,"column":8},"end":{"line":16,"column":41}}},"fnMap":{"0":{"name":"_interopRequireDefault","decl":{"start":{"line":11,"column":9},"end":{"line":11,"column":31}},"loc":{"start":{"line":11,"column":37},"end":{"line":11,"column":95}},"line":11},"1":{"name":"(anonymous_1)","decl":{"start":{"line":13,"column":18},"end":{"line":13,"column":19}},"loc":{"start":{"line":13,"column":58},"end":{"line":18,"column":1}},"line":13},"2":{"name":"(anonymous_2)","decl":{"start":{"line":15,"column":30},"end":{"line":15,"column":31}},"loc":{"start":{"line":15,"column":46},"end":{"line":17,"column":5}},"line":15}},"branchMap":{"0":{"loc":{"start":{"line":11,"column":46},"end":{"line":11,"column":92}},"type":"cond-expr","locations":[{"start":{"line":11,"column":70},"end":{"line":11,"column":73}},{"start":{"line":11,"column":76},"end":{"line":11,"column":92}}],"line":11},"1":{"loc":{"start":{"line":11,"column":46},"end":{"line":11,"column":67}},"type":"binary-expr","locations":[{"start":{"line":11,"column":46},"end":{"line":11,"column":49}},{"start":{"line":11,"column":53},"end":{"line":11,"column":67}}],"line":11}},"s":{"0":1,"1":1,"2":1,"3":1,"4":1,"5":5,"6":3,"7":5},"f":{"0":1,"1":5,"2":5},"b":{"0":[1,0],"1":[1,1]},"_coverageSchema":"d34fc3e6b8297bcde183f5492bcb8fcb36775295","hash":"bf3badfbd7a275562c7163db5276b1f3fbf85137","contentHash":"4dec87cc1aa1a5ee92b25130b534d7a8_12.0.2"},"/home/uhlryk/Projects/check-complex-types/src/types/complex/optional.js":{"path":"/home/uhlryk/Projects/check-complex-types/src/types/complex/optional.js","statementMap":{"0":{"start":{"line":3,"column":0},"end":{"line":5,"column":3}},"1":{"start":{"line":7,"column":17},"end":{"line":7,"column":54}},"2":{"start":{"line":9,"column":18},"end":{"line":9,"column":52}},"3":{"start":{"line":11,"column":39},"end":{"line":11,"column":93}},"4":{"start":{"line":13,"column":0},"end":{"line":16,"column":2}},"5":{"start":{"line":14,"column":4},"end":{"line":14,"column":43}},"6":{"start":{"line":15,"column":4},"end":{"line":15,"column":86}}},"fnMap":{"0":{"name":"_interopRequireDefault","decl":{"start":{"line":11,"column":9},"end":{"line":11,"column":31}},"loc":{"start":{"line":11,"column":37},"end":{"line":11,"column":95}},"line":11},"1":{"name":"(anonymous_1)","decl":{"start":{"line":13,"column":18},"end":{"line":13,"column":19}},"loc":{"start":{"line":13,"column":58},"end":{"line":16,"column":1}},"line":13}},"branchMap":{"0":{"loc":{"start":{"line":11,"column":46},"end":{"line":11,"column":92}},"type":"cond-expr","locations":[{"start":{"line":11,"column":70},"end":{"line":11,"column":73}},{"start":{"line":11,"column":76},"end":{"line":11,"column":92}}],"line":11},"1":{"loc":{"start":{"line":11,"column":46},"end":{"line":11,"column":67}},"type":"binary-expr","locations":[{"start":{"line":11,"column":46},"end":{"line":11,"column":49}},{"start":{"line":11,"column":53},"end":{"line":11,"column":67}}],"line":11},"2":{"loc":{"start":{"line":15,"column":11},"end":{"line":15,"column":85}},"type":"binary-expr","locations":[{"start":{"line":15,"column":11},"end":{"line":15,"column":48}},{"start":{"line":15,"column":52},"end":{"line":15,"column":85}}],"line":15}},"s":{"0":1,"1":1,"2":1,"3":1,"4":1,"5":4,"6":3},"f":{"0":1,"1":4},"b":{"0":[1,0],"1":[1,1],"2":[3,2]},"_coverageSchema":"d34fc3e6b8297bcde183f5492bcb8fcb36775295","hash":"3c3042616424164bcd7196a0187b63e861b8fa31","contentHash":"77b93012214d97fdbc981519bc22bc4e_12.0.2"},"/home/uhlryk/Projects/check-complex-types/src/types/complex/not.js":{"path":"/home/uhlryk/Projects/check-complex-types/src/types/complex/not.js","statementMap":{"0":{"start":{"line":3,"column":0},"end":{"line":5,"column":3}},"1":{"start":{"line":7,"column":17},"end":{"line":7,"column":54}},"2":{"start":{"line":9,"column":18},"end":{"line":9,"column":52}},"3":{"start":{"line":11,"column":39},"end":{"line":11,"column":93}},"4":{"start":{"line":13,"column":0},"end":{"line":16,"column":2}},"5":{"start":{"line":14,"column":4},"end":{"line":14,"column":43}},"6":{"start":{"line":15,"column":4},"end":{"line":15,"column":46}}},"fnMap":{"0":{"name":"_interopRequireDefault","decl":{"start":{"line":11,"column":9},"end":{"line":11,"column":31}},"loc":{"start":{"line":11,"column":37},"end":{"line":11,"column":95}},"line":11},"1":{"name":"(anonymous_1)","decl":{"start":{"line":13,"column":18},"end":{"line":13,"column":19}},"loc":{"start":{"line":13,"column":58},"end":{"line":16,"column":1}},"line":13}},"branchMap":{"0":{"loc":{"start":{"line":11,"column":46},"end":{"line":11,"column":92}},"type":"cond-expr","locations":[{"start":{"line":11,"column":70},"end":{"line":11,"column":73}},{"start":{"line":11,"column":76},"end":{"line":11,"column":92}}],"line":11},"1":{"loc":{"start":{"line":11,"column":46},"end":{"line":11,"column":67}},"type":"binary-expr","locations":[{"start":{"line":11,"column":46},"end":{"line":11,"column":49}},{"start":{"line":11,"column":53},"end":{"line":11,"column":67}}],"line":11}},"s":{"0":1,"1":1,"2":1,"3":1,"4":1,"5":3,"6":2},"f":{"0":1,"1":3},"b":{"0":[1,0],"1":[1,1]},"_coverageSchema":"d34fc3e6b8297bcde183f5492bcb8fcb36775295","hash":"473aaf264cab2c29bc639da9ad42e62a109d2f53","contentHash":"dc4265bc04ba12002d82d360aaae95f0_12.0.2"},"/home/uhlryk/Projects/check-complex-types/src/types/complex/none.js":{"path":"/home/uhlryk/Projects/check-complex-types/src/types/complex/none.js","statementMap":{"0":{"start":{"line":3,"column":0},"end":{"line":5,"column":3}},"1":{"start":{"line":7,"column":25},"end":{"line":7,"column":70}},"2":{"start":{"line":9,"column":26},"end":{"line":9,"column":68}},"3":{"start":{"line":11,"column":39},"end":{"line":11,"column":93}},"4":{"start":{"line":13,"column":0},"end":{"line":18,"column":2}},"5":{"start":{"line":14,"column":4},"end":{"line":14,"column":51}},"6":{"start":{"line":15,"column":4},"end":{"line":17,"column":7}},"7":{"start":{"line":16,"column":8},"end":{"line":16,"column":41}}},"fnMap":{"0":{"name":"_interopRequireDefault","decl":{"start":{"line":11,"column":9},"end":{"line":11,"column":31}},"loc":{"start":{"line":11,"column":37},"end":{"line":11,"column":95}},"line":11},"1":{"name":"(anonymous_1)","decl":{"start":{"line":13,"column":18},"end":{"line":13,"column":19}},"loc":{"start":{"line":13,"column":58},"end":{"line":18,"column":1}},"line":13},"2":{"name":"(anonymous_2)","decl":{"start":{"line":15,"column":30},"end":{"line":15,"column":31}},"loc":{"start":{"line":15,"column":46},"end":{"line":17,"column":5}},"line":15}},"branchMap":{"0":{"loc":{"start":{"line":11,"column":46},"end":{"line":11,"column":92}},"type":"cond-expr","locations":[{"start":{"line":11,"column":70},"end":{"line":11,"column":73}},{"start":{"line":11,"column":76},"end":{"line":11,"column":92}}],"line":11}
[...]
4},"end":{"line":33,"column":5}},"line":31},"8":{"name":"(anonymous_8)","decl":{"start":{"line":35,"column":87},"end":{"line":35,"column":88}},"loc":{"start":{"line":35,"column":99},"end":{"line":37,"column":5}},"line":35}},"branchMap":{"0":{"loc":{"start":{"line":11,"column":46},"end":{"line":11,"column":92}},"type":"cond-expr","locations":[{"start":{"line":11,"column":70},"end":{"line":11,"column":73}},{"start":{"line":11,"column":76},"end":{"line":11,"column":92}}],"line":11},"1":{"loc":{"start":{"line":11,"column":46},"end":{"line":11,"column":67}},"type":"binary-expr","locations":[{"start":{"line":11,"column":46},"end":{"line":11,"column":49}},{"start":{"line":11,"column":53},"end":{"line":11,"column":67}}],"line":11}},"s":{"0":1,"1":1,"2":1,"3":1,"4":2,"5":1,"6":1,"7":1,"8":1,"9":1,"10":1,"11":1,"12":1,"13":1,"14":1,"15":1,"16":1,"17":1},"f":{"0":2,"1":1,"2":1,"3":1,"4":1,"5":1,"6":1,"7":1,"8":1},"b":{"0":[2,0],"1":[2,2]},"_coverageSchema":"d34fc3e6b8297bcde183f5492bcb8fcb36775295","hash":"94f0a94d1e4135af6b78cf7c64209aeb5580292f","contentHash":"f12a2510e17ebed9f816b194768ae2f9_12.0.2"},"/home/uhlryk/Projects/check-complex-types/src/types/complex/interface.spec.js":{"path":"/home/uhlryk/Projects/check-complex-types/src/types/complex/interface.spec.js","statementMap":{"0":{"start":{"line":3,"column":17},"end":{"line":3,"column":39}},"1":{"start":{"line":5,"column":18},"end":{"line":5,"column":52}},"2":{"start":{"line":7,"column":13},"end":{"line":7,"column":35}},"3":{"start":{"line":9,"column":14},"end":{"line":9,"column":44}},"4":{"start":{"line":11,"column":39},"end":{"line":11,"column":93}},"5":{"start":{"line":14,"column":0},"end":{"line":39,"column":3}},"6":{"start":{"line":15,"column":4},"end":{"line":17,"column":7}},"7":{"start":{"line":16,"column":8},"end":{"line":16,"column":58}},"8":{"start":{"line":19,"column":4},"end":{"line":21,"column":7}},"9":{"start":{"line":20,"column":8},"end":{"line":20,"column":62}},"10":{"start":{"line":23,"column":4},"end":{"line":26,"column":7}},"11":{"start":{"line":24,"column":8},"end":{"line":24,"column":111}},"12":{"start":{"line":25,"column":8},"end":{"line":25,"column":113}},"13":{"start":{"line":28,"column":4},"end":{"line":30,"column":7}},"14":{"start":{"line":29,"column":8},"end":{"line":29,"column":113}},"15":{"start":{"line":32,"column":4},"end":{"line":34,"column":7}},"16":{"start":{"line":33,"column":8},"end":{"line":33,"column":97}},"17":{"start":{"line":36,"column":4},"end":{"line":38,"column":7}},"18":{"start":{"line":37,"column":8},"end":{"line":37,"column":77}}},"fnMap":{"0":{"name":"_interopRequireDefault","decl":{"start":{"line":11,"column":9},"end":{"line":11,"column":31}},"loc":{"start":{"line":11,"column":37},"end":{"line":11,"column":95}},"line":11},"1":{"name":"(anonymous_1)","decl":{"start":{"line":14,"column":27},"end":{"line":14,"column":28}},"loc":{"start":{"line":14,"column":39},"end":{"line":39,"column":1}},"line":14},"2":{"name":"(anonymous_2)","decl":{"start":{"line":15,"column":62},"end":{"line":15,"column":63}},"loc":{"start":{"line":15,"column":74},"end":{"line":17,"column":5}},"line":15},"3":{"name":"(anonymous_3)","decl":{"start":{"line":19,"column":68},"end":{"line":19,"column":69}},"loc":{"start":{"line":19,"column":80},"end":{"line":21,"column":5}},"line":19},"4":{"name":"(anonymous_4)","decl":{"start":{"line":23,"column":98},"end":{"line":23,"column":99}},"loc":{"start":{"line":23,"column":110},"end":{"line":26,"column":5}},"line":23},"5":{"name":"(anonymous_5)","decl":{"start":{"line":28,"column":119},"end":{"line":28,"column":120}},"loc":{"start":{"line":28,"column":131},"end":{"line":30,"column":5}},"line":28},"6":{"name":"(anonymous_6)","decl":{"start":{"line":32,"column":84},"end":{"line":32,"column":85}},"loc":{"start":{"line":32,"column":96},"end":{"line":34,"column":5}},"line":32},"7":{"name":"(anonymous_7)","decl":{"start":{"line":36,"column":84},"end":{"line":36,"column":85}},"loc":{"start":{"line":36,"column":96},"end":{"line":38,"column":5}},"line":36}},"branchMap":{"0":{"loc":{"start":{"line":11,"column":46},"end":{"line":11,"column":92}},"type":"cond-expr","locations":[{"start":{"line":11,"column":70},"end":{"line":11,"column":73}},{"start":{"line":11,"column":76},"end":{"line":11,"column":92}}],"line":11},"1":{"loc":{"start":{"line":11,"column":46},"end":{"line":11,"column":67}},"type":"binary-expr","locations":[{"start":{"line":11,"column":46},"end":{"line":11,"column":49}},{"start":{"line":11,"column":53},"end":{"line":11,"column":67}}],"line":11}},"s":{"0":1,"1":1,"2":1,"3":1,"4":2,"5":1,"6":1,"7":1,"8":1,"9":1,"10":1,"11":1,"12":1,"13":1,"14":1,"15":1,"16":1,"17":1,"18":1},"f":{"0":2,"1":1,"2":1,"3":1,"4":1,"5":1,"6":1,"7":1},"b":{"0":[2,0],"1":[2,2]},"_coverageSchema":"d34fc3e6b8297bcde183f5492bcb8fcb36775295","hash":"e40f78df3b569f93c2dfdfb2c0dc11ac31973789","contentHash":"fb955350779d926b109cfbff15cbe80e_12.0.2"},"/home/uhlryk/Projects/check-complex-types/src/types/complex/none.spec.js":{"path":"/home/uhlryk/Projects/check-complex-types/src/types/complex/none.spec.js","statementMap":{"0":{"start":{"line":3,"column":12},"end":{"line":3,"column":29}},"1":{"start":{"line":5,"column":13},"end":{"line":5,"column":42}},"2":{"start":{"line":7,"column":13},"end":{"line":7,"column":35}},"3":{"start":{"line":9,"column":14},"end":{"line":9,"column":44}},"4":{"start":{"line":11,"column":39},"end":{"line":11,"column":93}},"5":{"start":{"line":14,"column":0},"end":{"line":42,"column":3}},"6":{"start":{"line":15,"column":4},"end":{"line":19,"column":7}},"7":{"start":{"line":16,"column":8},"end":{"line":18,"column":71}},"8":{"start":{"line":17,"column":12},"end":{"line":17,"column":41}},"9":{"start":{"line":21,"column":4},"end":{"line":25,"column":7}},"10":{"start":{"line":22,"column":8},"end":{"line":24,"column":71}},"11":{"start":{"line":23,"column":12},"end":{"line":23,"column":54}},"12":{"start":{"line":27,"column":4},"end":{"line":29,"column":7}},"13":{"start":{"line":28,"column":8},"end":{"line":28,"column":83}},"14":{"start":{"line":31,"column":4},"end":{"line":33,"column":7}},"15":{"start":{"line":32,"column":8},"end":{"line":32,"column":84}},"16":{"start":{"line":35,"column":4},"end":{"line":37,"column":7}},"17":{"start":{"line":36,"column":8},"end":{"line":36,"column":108}},"18":{"start":{"line":39,"column":4},"end":{"line":41,"column":7}},"19":{"start":{"line":40,"column":8},"end":{"line":40,"column":109}}},"fnMap":{"0":{"name":"_interopRequireDefault","decl":{"start":{"line":11,"column":9},"end":{"line":11,"column":31}},"loc":{"start":{"line":11,"column":37},"end":{"line":11,"column":95}},"line":11},"1":{"name":"(anonymous_1)","decl":{"start":{"line":14,"column":22},"end":{"line":14,"column":23}},"loc":{"start":{"line":14,"column":34},"end":{"line":42,"column":1}},"line":14},"2":{"name":"(anonymous_2)","decl":{"start":{"line":15,"column":48},"end":{"line":15,"column":49}},"loc":{"start":{"line":15,"column":60},"end":{"line":19,"column":5}},"line":15},"3":{"name":"(anonymous_3)","decl":{"start":{"line":16,"column":15},"end":{"line":16,"column":16}},"loc":{"start":{"line":16,"column":27},"end":{"line":18,"column":9}},"line":16},"4":{"name":"(anonymous_4)","decl":{"start":{"line":21,"column":43},"end":{"line":21,"column":44}},"loc":{"start":{"line":21,"column":55},"end":{"line":25,"column":5}},"line":21},"5":{"name":"(anonymous_5)","decl":{"start":{"line":22,"column":15},"end":{"line":22,"column":16}},"loc":{"start":{"line":22,"column":27},"end":{"line":24,"column":9}},"line":22},"6":{"name":"(anonymous_6)","decl":{"start":{"line":27,"column":77},"end":{"line":27,"column":78}},"loc":{"start":{"line":27,"column":89},"end":{"line":29,"column":5}},"line":27},"7":{"name":"(anonymous_7)","decl":{"start":{"line":31,"column":74},"end":{"line":31,"column":75}},"loc":{"start":{"line":31,"column":86},"end":{"line":33,"column":5}},"line":31},"8":{"name":"(anonymous_8)","decl":{"start":{"line":35,"column":90},"end":{"line":35,"column":91}},"loc":{"start":{"line":35,"column":102},"end":{"line":37,"column":5}},"line":35},"9":{"name":"(anonymous_9)","decl":{"start":{"line":39,"column":88},"end":{"line":39,"column":89}},"loc":{"start":{"line":39,"column":100},"end":{"line":41,"column":5}},"line":39}},"branchMap":{"0":{"loc":{"start":{"line":11,"column":46},"end":{"line":11,"column":92}},"type":"cond-expr","locations":[{"start":{"line":11,"column":70},"end":{"line":11,"column":73}},{"start":{"line":11,"column":76},"end":{"line":11,"column":92}}],"line":11},"1":{"loc":{"start":{"line":11,"column":46},"end":{"line":11,"column":67}},"type":"binary-expr","locations":[{"start":{"line":11,"column":46},"end":{"line":11,"column":49}},{"start":{"line":11,"column":53},"end":{"line":11,"column":67}}],"line":11}},"s":{"0":1,"1":1,"2":1,"3":1,"4":2,"5":1,"6":1,"7":1,"8":1,"9":1,"10":1,"11":1,"12":1,"13":1,"14":1,"15":1,"16":1,"17":1,"18":1,"19":1},"f":{"0":2,"1":1,"2":1,"3":1,"4":1,"5":1,"6":1,"7":1,"8":1,"9":1},"b":{"0":[2,0],"1":[2,2]},"_coverageSchema":"d34fc3e6b8297bcde183f5492bcb8fcb36775295","hash":"40a07154d5e5183824167d48832116394664b7df","contentHash":"39b32fcced0a03a30e972a62abcd460d_12.0.2"},"/home/uhlryk/Projects/check-complex-types/src/types/complex/not.spec.js":{"path":"/home/uhlryk/Projects/check-complex-types/src/types/complex/not.spec.js","statementMap":{"0":{"start":{"line":3,"column":11},"end":{"line":3,"column":27}},"1":{"start":{"line":5,"column":12},"end":{"line":5,"column":40}},"2":{"start":{"line":7,"column":13},"end":{"line":7,"column":35}},"3":{"start":{"line":9,"column":14},"end":{"line":9,"column":44}},"4":{"start":{"line":11,"column":39},"end":{"line":11,"column":93}},"5":{"start":{"line":14,"column":0},"end":{"line":28,"column":3}},"6":{"start":{"line":15,"column":4},"end":{"line":19,"column":7}},"7":{"start":{"line":16,"column":8},"end":{"line":18,"column":52}},"8":{"start":{"line":17,"column":12},"end":{"line":17,"column":40}},"9":{"start":{"line":21,"column":4},"end":{"line":23,"column":7}},"10":{"start":{"line":22,"column":8},"end":{"line":22,"column":81}},"11":{"start":{"line":25,"column":4},"end":{"line":27,"column":7}},"12":{"start":{"line":26,"column":8},"end":{"line":26,"column":79}}},"fnMap":{"0":{"name":"_interopRequireDefault","decl":{"start":{"line":11,"column":9},"end":{"line":11,"column":31}},"loc":{"start":{"line":11,"column":37},"end":{"line":11,"column":95}},"line":11},"1":{"name":"(anonymous_1)","decl":{"start":{"line":14,"column":21},"end":{"line":14,"column":22}},"loc":{"start":{"line":14,"column":33},"end":{"line":28,"column":1}},"line":14},"2":{"name":"(anonymous_2)","decl":{"start":{"line":15,"column":61},"end":{"line":15,"column":62}},"loc":{"start":{"line":15,"column":73},"end":{"line":19,"column":5}},"line":15},"3":{"name":"(anonymous_3)","decl":{"start":{"line":16,"column":15},"end":{"line":16,"column":16}},"loc":{"start":{"line":16,"column":27},"end":{"line":18,"column":9}},"line":16},"4":{"name":"(anonymous_4)","decl":{"start":{"line":21,"column":69},"end":{"line":21,"column":70}},"loc":{"start":{"line":21,"column":81},"end":{"line":23,"column":5}},"line":21},"5":{"name":"(anonymous_5)","decl":{"start":{"line":25,"column":48},"end":{"line":25,"column":49}},"loc":{"start":{"line":25,"column":60},"end":{"line":27,"column":5}},"line":25}},"branchMap":{"0":{"loc":{"start":{"line":11,"column":46},"end":{"line":11,"column":92}},"type":"cond-expr","locations":[{"start":{"line":11,"column":70},"end":{"line":11,"column":73}},{"start":{"line":11,"column":76},"end":{"line":11,"column":92}}],"line":11},"1":{"loc":{"start":{"line":11,"column":46},"end":{"line":11,"column":67}},"type":"binary-expr","locations":[{"start":{"line":11,"column":46},"end":{"line":11,"column":49}},{"start":{"line":11,"column":53},"end":{"line":11,"column":67}}],"line":11}},"s":{"0":1,"1":1,"2":1,"3":1,"4":2,"5":1,"6":1,"7":1,"8":1,"9":1,"10":1,"11":1,"12":1},"f":{"0":2,"1":1,"2":1,"3":1,"4":1,"5":1},"b":{"0":[2,0],"1":[2,2]},"_coverageSchema":"d34fc3e6b8297bcde183f5492bcb8fcb36775295","hash":"97697d042d7663ed03df18cc1de3c4d7fa781a6b","contentHash":"1a74b4361fb7709c5e385b6d528cadec_12.0.2"},"/home/uhlryk/Projects/check-complex-types/src/types/complex/optional.spec.js":{"path":"/home/uhlryk/Projects/check-complex-types/src/types/complex/optional.spec.js","statementMap":{"0":{"start":{"line":3,"column":16},"end":{"line":3,"column":37}},"1":{"start":{"line":5,"column":17},"end":{"line":5,"column":50}},"2":{"start":{"line":7,"column":13},"end":{"line":7,"column":35}},"3":{"start":{"line":9,"column":14},"end":{"line":9,"column":44}},"4":{"start":{"line":11,"column":39},"end":{"line":11,"column":93}},"5":{"start":{"line":14,"column":0},"end":{"line":32,"column":3}},"6":{"start":{"line":15,"column":4},"end":{"line":19,"column":7}},"7":{"start":{"line":16,"column":8},"end":{"line":18,"column":52}},"8":{"start":{"line":17,"column":12},"end":{"line":17,"column":45}},"9":{"start":{"line":21,"column":4},"end":{"line":23,"column":7}},"10":{"start":{"line":22,"column":8},"end":{"line":22,"column":86}},"11":{"start":{"line":25,"column":4},"end":{"line":27,"column":7}},"12":{"start":{"line":26,"column":8},"end":{"line":26,"column":88}},"13":{"start":{"line":29,"column":4},"end":{"line":31,"column":7}},"14":{"start":{"line":30,"column":8},"end":{"line":30,"column":85}}},"fnMap":{"0":{"name":"_interopRequireDefault","decl":{"start":{"line":11,"column":9},"end":{"line":11,"column":31}},"loc":{"start":{"line":11,"column":37},"end":{"line":11,"column":95}},"line":11},"1":{"name":"(anonymous_1)","decl":{"start":{"line":14,"column":26},"end":{"line":14,"column":27}},"loc":{"start":{"line":14,"column":38},"end":{"line":32,"column":1}},"line":14},"2":{"name":"(anonymous_2)","decl":{"start":{"line":15,"column":38},"end":{"line":15,"column":39}},"loc":{"start":{"line":15,"column":50},"end":{"line":19,"column":5}},"line":15},"3":{"name":"(anonymous_3)","decl":{"start":{"line":16,"column":15},"end":{"line":16,"column":16}},"loc":{"start":{"line":16,"column":27},"end":{"line":18,"column":9}},"line":16},"4":{"name":"(anonymous_4)","decl":{"start":{"line":21,"column":50},"end":{"line":21,"column":51}},"loc":{"start":{"line":21,"column":62},"end":{"line":23,"column":5}},"line":21},"5":{"name":"(anonymous_5)","decl":{"start":{"line":25,"column":62},"end":{"line":25,"column":63}},"loc":{"start":{"line":25,"column":74},"end":{"line":27,"column":5}},"line":25},"6":{"name":"(anonymous_6)","decl":{"start":{"line":29,"column":66},"end":{"line":29,"column":67}},"loc":{"start":{"line":29,"column":78},"end":{"line":31,"column":5}},"line":29}},"branchMap":{"0":{"loc":{"start":{"line":11,"column":46},"end":{"line":11,"column":92}},"type":"cond-expr","locations":[{"start":{"line":11,"column":70},"end":{"line":11,"column":73}},{"start":{"line":11,"column":76},"end":{"line":11,"column":92}}],"line":11},"1":{"loc":{"start":{"line":11,"column":46},"end":{"line":11,"column":67}},"type":"binary-expr","locations":[{"start":{"line":11,"column":46},"end":{"line":11,"column":49}},{"start":{"line":11,"column":53},"end":{"line":11,"column":67}}],"line":11}},"s":{"0":1,"1":1,"2":1,"3":1,"4":2,"5":1,"6":1,"7":1,"8":1,"9":1,"10":1,"11":1,"12":1,"13":1,"14":1},"f":{"0":2,"1":1,"2":1,"3":1,"4":1,"5":1,"6":1},"b":{"0":[2,0],"1":[2,2]},"_coverageSchema":"d34fc3e6b8297bcde183f5492bcb8fcb36775295","hash":"ab9d57ce1b994818b183ad4e28db471523b9fea1","contentHash":"be18da11dec0f9f2f4c78bae22d42270_12.0.2"},"/home/uhlryk/Projects/check-complex-types/src/types/complex/some.spec.js":{"path":"/home/uhlryk/Projects/check-complex-types/src/types/complex/some.spec.js","statementMap":{"0":{"start":{"line":3,"column":12},"end":{"line":3,"column":29}},"1":{"start":{"line":5,"column":13},"end":{"line":5,"column":42}},"2":{"start":{"line":7,"column":13},"end":{"line":7,"column":35}},"3":{"start":{"line":9,"column":14},"end":{"line":9,"column":44}},"4":{"start":{"line":11,"column":39},"end":{"line":11,"column":93}},"5":{"start":{"line":14,"column":0},"end":{"line":45,"column":3}},"6":{"start":{"line":15,"column":4},"end":{"line":19,"column":7}},"7":{"start":{"line":16,"column":8},"end":{"line":18,"column":71}},"8":{"start":{"line":17,"column":12},"end":{"line":17,"column":41}},"9":{"start":{"line":21,"column":4},"end":{"line":25,"column":7}},"10":{"start":{"line":22,"column":8},"end":{"line":24,"column":71}},"11":{"start":{"line":23,"column":12},"end":{"line":23,"column":54}},"12":{"start":{"line":27,"column":4},"end":{"line":31,"column":7}},"13":{"start":{"line":28,"column":8},"end":{"line":30,"column":71}},"14":{"start":{"line":29,"column":12},"end":{"line":29,"column":56}},"15":{"start":{"line":33,"column":4},"end":{"line":35,"column":7}},"16":{"start":{"line":34,"column":8},"end":{"line":34,"column":83}},"17":{"start":{"line":37,"column":4},"end":{"line":40,"column":7}},"18":{"start":{"line":38,"column":8},"end":{"line":38,"column":107}},"19":{"start":{"line":39,"column":8},"end":{"line":39,"column":107}},"20":{"start":{"line":42,"column":4},"end":{"line":44,"column":7}},"21":{"start":{"line":43,"column":8},"end":{"line":43,"column":107}}},"fnMap":{"0":{"name":"_interopRequireDefault","decl":{"start":{"line":11,"column":9},"end":{"line":11,"column":31}},"loc":{"start":{"line":11,"column":37},"end":{"line":11,"column":95}},"line":11},"1":{"name":"(anonymous_1)","decl":{"start":{"line":14,"column":22},"end":{"line":14,"column":23}},"loc":{"start":{"line":14,"column":34},"end":{"line":45,"column":1}},"line":14},"2":{"name":"(anonymous_2)","decl":{"start":{"line":15,"column":48},"end":{"line":15,"column":49}},"loc":{"start":{"line":15,"column":60},"end":{"line":19,"column":5}},"line":15},"3":{"name":"(anonymous_3)","decl":{"start":{"line":16,"column":15},"end":{"line":16,"column":16}},"loc":{"start":{"line":16,"column":27},"end":{"line":18,"column":9}},"line":16},"4":{"name":"(anonymous_4)","decl":{"start":{"line":21,"column":43},"end":{"line":21,"column":44}},"loc":{"start":{"line":21,"column":55},"end":{"line":25,"column":5}},"line":21},"5":{"name":"(anonymous_5)","decl":{"start":{"line":22,"column":15},"end":{"line":22,"column":16}},"loc":{"start":{"line":22,"column":27},"end":{"line":24,"column":9}},"line":22},"6":{"name":"(anonymous_6)","decl":{"start":{"line":27,"column":49},"end":{"line":27,"column":50}},"loc":{"start":{"line":27,"column":61},"end":{"line":31,"column":5}},"line":27},"7":{"name":"(anonymous_7)","decl":{"start":{"line":28,"column":15},"end":{"line":28,"column":16}},"loc":{"start":{"line":28,"column":27},"end":{"line":30,"column":9}},"line":28},"8":{"name":"(anonymous_8)","decl":{"start":{"line":33,"column":68},"end":{"line":33,"column":69}},"loc":{"start":{"line":33,"column":80},"end":{"line":35,"column":5}},"line":33},"9":{"name":"(anonymous_9)","decl":{"start":{"line":37,"column":83},"end":{"line":37,"column":84}},"loc":{"start":{"line":37,"column":95},"end":{"line":40,"column":5}},"line":37},"10":{"name":"(anonymous_10)","decl":{"start":{"line":42,"column":65},"end":{"line":42,"column":66}},"loc":{"start":{"line":42,"column":77},"end":{"line":44,"column":5}},"line":42}},"branchMap":{"0":{"loc":{"start":{"line":11,"column":46},"end":{"line":11,"column":92}},"type":"cond-expr","locations":[{"start":{"line":11,"column":70},"end":{"line":11,"column":73}},{"start":{"line":11,"column":76},"end":{"line":11,"column":92}}],"line":11},"1":{"loc":{"start":{"line":11,"column":46},"end":{"line":11,"column":67}},"type":"binary-expr","locations":[{"start":{"line":11,"column":46},"end":{"line":11,"column":49}},{"start":{"line":11,"column":53},"end":{"line":11,"column":67}}],"line":11}},"s":{"0":1,"1":1,"2":1,"3":1,"4":2,"5":1,"6":1,"7":1,"8":1,"9":1,"10":1,"11":1,"12":1,"13":1,"14":1,"15":1,"16":1,"17":1,"18":1,"19":1,"20":1,"21":1},"f":{"0":2,"1":1,"2":1,"3":1,"4":1,"5":1,"6":1,"7":1,"8":1,"9":1,"10":1},"b":{"0":[2,0],"1":[2,2]},"_coverageSchema":"d34fc3e6b8297bcde183f5492bcb8fcb36775295","hash":"44fe7c3369c2394135e2aa93adb5ae0e90157c80","contentHash":"d273dd9e5e3d5fad95e8c29b833fe26e_12.0.2"}}